{"/home/travis/build/npmtest/node-npmtest-catbox/test.js":{"path":"/home/travis/build/npmtest/node-npmtest-catbox/test.js","s":{"1":2,"2":2,"3":2,"4":2,"5":2,"6":2,"7":2,"8":1,"9":2,"10":2,"11":1,"12":1,"13":1,"14":1,"15":2,"16":2,"17":2,"18":2,"19":1,"20":1,"21":2,"22":2,"23":2,"24":1,"25":1,"26":1,"27":1,"28":1,"29":1,"30":1,"31":1,"32":1,"33":1,"34":1,"35":1,"36":1,"37":1,"38":1,"39":2,"40":2,"41":1,"42":2,"43":2,"44":1,"45":2,"46":2,"47":1,"48":2,"49":2,"50":1,"51":1,"52":1,"53":1,"54":1},"b":{"1":[2,1,1,1],"2":[1,1,1,1],"3":[1,1],"4":[1,1],"5":[1,1],"6":[1,1],"7":[1,1],"8":[1,1],"9":[1,1],"10":[1,1,1],"11":[1,1],"12":[1,1],"13":[1,1],"14":[1,1],"15":[1,1],"16":[1,1],"17":[1,1]},"f":{"1":2,"2":2,"3":2,"4":2,"5":2,"6":1,"7":1,"8":1,"9":2,"10":2,"11":2,"12":2,"13":1},"fnMap":{"1":{"name":"(anonymous_1)","line":12,"loc":{"start":{"line":12,"column":1},"end":{"line":12,"column":13}}},"2":{"name":"(anonymous_2)","line":19,"loc":{"start":{"line":19,"column":5},"end":{"line":19,"column":17}}},"3":{"name":"(anonymous_3)","line":23,"loc":{"start":{"line":23,"column":24},"end":{"line":23,"column":36}}},"4":{"name":"(anonymous_4)","line":61,"loc":{"start":{"line":61,"column":5},"end":{"line":61,"column":17}}},"5":{"name":"(anonymous_5)","line":82,"loc":{"start":{"line":82,"column":5},"end":{"line":82,"column":17}}},"6":{"name":"(anonymous_6)","line":91,"loc":{"start":{"line":91,"column":77},"end":{"line":94,"column":10}}},"7":{"name":"(anonymous_7)","line":112,"loc":{"start":{"line":112,"column":83},"end":{"line":115,"column":10}},"skip":true},"8":{"name":"(anonymous_8)","line":123,"loc":{"start":{"line":123,"column":77},"end":{"line":126,"column":10}},"skip":true},"9":{"name":"(anonymous_9)","line":139,"loc":{"start":{"line":139,"column":12},"end":{"line":139,"column":40}},"skip":true},"10":{"name":"(anonymous_10)","line":147,"loc":{"start":{"line":147,"column":77},"end":{"line":150,"column":10}},"skip":true},"11":{"name":"(anonymous_11)","line":158,"loc":{"start":{"line":158,"column":83},"end":{"line":161,"column":10}},"skip":true},"12":{"name":"(anonymous_12)","line":169,"loc":{"start":{"line":169,"column":79},"end":{"line":172,"column":10}},"skip":true},"13":{"name":"(anonymous_13)","line":180,"loc":{"start":{"line":180,"column":75},"end":{"line":183,"column":10}},"skip":true}},"statementMap":{"1":{"start":{"line":12,"column":0},"end":{"line":195,"column":5}},"2":{"start":{"line":14,"column":4},"end":{"line":14,"column":14}},"3":{"start":{"line":19,"column":4},"end":{"line":56,"column":9}},"4":{"start":{"line":21,"column":8},"end":{"line":21,"column":19}},"5":{"start":{"line":23,"column":8},"end":{"line":35,"column":13}},"6":{"start":{"line":24,"column":12},"end":{"line":34,"column":13}},"7":{"start":{"line":25,"column":16},"end":{"line":28,"column":30}},"8":{"start":{"line":30,"column":16},"end":{"line":33,"column":27}},"9":{"start":{"line":37,"column":8},"end":{"line":39,"column":21}},"10":{"start":{"line":40,"column":8},"end":{"line":53,"column":9}},"11":{"start":{"line":43,"column":12},"end":{"line":46,"column":14}},"12":{"start":{"line":47,"column":12},"end":{"line":47,"column":18}},"13":{"start":{"line":50,"column":12},"end":{"line":51,"column":33}},"14":{"start":{"line":52,"column":12},"end":{"line":52,"column":18}},"15":{"start":{"line":55,"column":8},"end":{"line":55,"column":35}},"16":{"start":{"line":61,"column":4},"end":{"line":63,"column":9}},"17":{"start":{"line":62,"column":8},"end":{"line":62,"column":15}},"18":{"start":{"line":64,"column":4},"end":{"line":77,"column":5}},"19":{"start":{"line":70,"column":8},"end":{"line":70,"column":14}},"20":{"start":{"line":76,"column":8},"end":{"line":76,"column":14}},"21":{"start":{"line":82,"column":4},"end":{"line":84,"column":9}},"22":{"start":{"line":83,"column":8},"end":{"line":83,"column":15}},"23":{"start":{"line":85,"column":4},"end":{"line":194,"column":5}},"24":{"start":{"line":91,"column":8},"end":{"line":99,"column":10}},"25":{"start":{"line":98,"column":12},"end":{"line":98,"column":35}},"26":{"start":{"line":102,"column":8},"end":{"line":104,"column":63}},"27":{"start":{"line":105,"column":8},"end":{"line":105,"column":14}},"28":{"start":{"line":112,"column":8},"end":{"line":121,"column":10},"skip":true},"29":{"start":{"line":119,"column":12},"end":{"line":119,"column":55},"skip":true},"30":{"start":{"line":120,"column":12},"end":{"line":120,"column":48},"skip":true},"31":{"start":{"line":123,"column":8},"end":{"line":136,"column":10},"skip":true},"32":{"start":{"line":130,"column":12},"end":{"line":130,"column":76},"skip":true},"33":{"start":{"line":131,"column":12},"end":{"line":131,"column":73},"skip":true},"34":{"start":{"line":132,"column":12},"end":{"line":132,"column":74},"skip":true},"35":{"start":{"line":133,"column":12},"end":{"line":133,"column":79},"skip":true},"36":{"start":{"line":134,"column":12},"end":{"line":134,"column":25},"skip":true},"37":{"start":{"line":135,"column":12},"end":{"line":135,"column":45},"skip":true},"38":{"start":{"line":138,"column":8},"end":{"line":145,"column":14},"skip":true},"39":{"start":{"line":143,"column":16},"end":{"line":143,"column":29},"skip":true},"40":{"start":{"line":144,"column":16},"end":{"line":144,"column":55},"skip":true},"41":{"start":{"line":147,"column":8},"end":{"line":156,"column":10},"skip":true},"42":{"start":{"line":154,"column":12},"end":{"line":154,"column":25},"skip":true},"43":{"start":{"line":155,"column":12},"end":{"line":155,"column":45},"skip":true},"44":{"start":{"line":158,"column":8},"end":{"line":167,"column":10},"skip":true},"45":{"start":{"line":165,"column":12},"end":{"line":165,"column":25},"skip":true},"46":{"start":{"line":166,"column":12},"end":{"line":166,"column":48},"skip":true},"47":{"start":{"line":169,"column":8},"end":{"line":178,"column":10},"skip":true},"48":{"start":{"line":176,"column":12},"end":{"line":176,"column":25},"skip":true},"49":{"start":{"line":177,"column":12},"end":{"line":177,"column":46},"skip":true},"50":{"start":{"line":180,"column":8},"end":{"line":189,"column":10},"skip":true},"51":{"start":{"line":187,"column":12},"end":{"line":187,"column":94},"skip":true},"52":{"start":{"line":188,"column":12},"end":{"line":188,"column":48},"skip":true},"53":{"start":{"line":192,"column":8},"end":{"line":192,"column":35},"skip":true},"54":{"start":{"line":193,"column":8},"end":{"line":193,"column":14},"skip":true}},"branchMap":{"1":{"line":25,"type":"binary-expr","locations":[{"start":{"line":25,"column":23},"end":{"line":25,"column":62}},{"start":{"line":26,"column":20},"end":{"line":26,"column":70}},{"start":{"line":27,"column":20},"end":{"line":27,"column":71}},{"start":{"line":28,"column":20},"end":{"line":28,"column":29}}]},"2":{"line":30,"type":"binary-expr","locations":[{"start":{"line":30,"column":23},"end":{"line":30,"column":37}},{"start":{"line":31,"column":20},"end":{"line":31,"column":61}},{"start":{"line":32,"column":20},"end":{"line":32,"column":70}},{"start":{"line":33,"column":20},"end":{"line":33,"column":26}}]},"3":{"line":37,"type":"cond-expr","locations":[{"start":{"line":38,"column":14},"end":{"line":38,"column":20}},{"start":{"line":39,"column":14},"end":{"line":39,"column":20}}]},"4":{"line":40,"type":"switch","locations":[{"start":{"line":42,"column":8},"end":{"line":47,"column":18}},{"start":{"line":49,"column":8},"end":{"line":52,"column":18}}]},"5":{"line":44,"type":"binary-expr","locations":[{"start":{"line":44,"column":16},"end":{"line":44,"column":44}},{"start":{"line":44,"column":48},"end":{"line":44,"column":66}}]},"6":{"line":50,"type":"binary-expr","locations":[{"start":{"line":50,"column":21},"end":{"line":50,"column":49}},{"start":{"line":50,"column":53},"end":{"line":50,"column":72}}]},"7":{"line":64,"type":"switch","locations":[{"start":{"line":69,"column":4},"end":{"line":70,"column":14}},{"start":{"line":75,"column":4},"end":{"line":76,"column":14}}]},"8":{"line":85,"type":"switch","locations":[{"start":{"line":90,"column":4},"end":{"line":105,"column":14}},{"start":{"line":111,"column":4},"end":{"line":193,"column":14},"skip":true}]},"9":{"line":91,"type":"binary-expr","locations":[{"start":{"line":91,"column":42},"end":{"line":91,"column":73}},{"start":{"line":91,"column":77},"end":{"line":99,"column":9}}]},"10":{"line":102,"type":"binary-expr","locations":[{"start":{"line":102,"column":18},"end":{"line":102,"column":32}},{"start":{"line":103,"column":12},"end":{"line":103,"column":53}},{"start":{"line":104,"column":12},"end":{"line":104,"column":61}}]},"11":{"line":112,"type":"binary-expr","locations":[{"start":{"line":112,"column":45},"end":{"line":112,"column":79},"skip":true},{"start":{"line":112,"column":83},"end":{"line":121,"column":9},"skip":true}]},"12":{"line":123,"type":"binary-expr","locations":[{"start":{"line":123,"column":42},"end":{"line":123,"column":73},"skip":true},{"start":{"line":123,"column":77},"end":{"line":136,"column":9},"skip":true}]},"13":{"line":138,"type":"binary-expr","locations":[{"start":{"line":138,"column":48},"end":{"line":138,"column":85},"skip":true},{"start":{"line":139,"column":12},"end":{"line":145,"column":13},"skip":true}]},"14":{"line":147,"type":"binary-expr","locations":[{"start":{"line":147,"column":42},"end":{"line":147,"column":73},"skip":true},{"start":{"line":147,"column":77},"end":{"line":156,"column":9},"skip":true}]},"15":{"line":158,"type":"binary-expr","locations":[{"start":{"line":158,"column":45},"end":{"line":158,"column":79},"skip":true},{"start":{"line":158,"column":83},"end":{"line":167,"column":9},"skip":true}]},"16":{"line":169,"type":"binary-expr","locations":[{"start":{"line":169,"column":43},"end":{"line":169,"column":75},"skip":true},{"start":{"line":169,"column":79},"end":{"line":178,"column":9},"skip":true}]},"17":{"line":180,"type":"binary-expr","locations":[{"start":{"line":180,"column":41},"end":{"line":180,"column":71},"skip":true},{"start":{"line":180,"column":75},"end":{"line":189,"column":9},"skip":true}]}},"code":["/* istanbul instrument in package npmtest_catbox */","/*jslint","    bitwise: true,","    browser: true,","    maxerr: 8,","    maxlen: 96,","    node: true,","    nomen: true,","    regexp: true,","    stupid: true","*/","(function () {","    'use strict';","    var local;","","","","    // run shared js-env code - init-before","    (function () {","        // init local","        local = {};","        // init modeJs","        local.modeJs = (function () {","            try {","                return typeof navigator.userAgent === 'string' &&","                    typeof document.querySelector('body') === 'object' &&","                    typeof XMLHttpRequest.prototype.open === 'function' &&","                    'browser';","            } catch (errorCaughtBrowser) {","                return module.exports &&","                    typeof process.versions.node === 'string' &&","                    typeof require('http').createServer === 'function' &&","                    'node';","            }","        }());","        // init global","        local.global = local.modeJs === 'browser'","            ? window","            : global;","        switch (local.modeJs) {","        // re-init local from window.local","        case 'browser':","            local = local.global.utility2.objectSetDefault(","                local.global.utility2_rollup || local.global.local,","                local.global.utility2","            );","            break;","        // re-init local from example.js","        case 'node':","            local = (local.global.utility2_rollup || require('utility2'))","                .requireReadme();","            break;","        }","        // export local","        local.global.local = local;","    }());","","","","    // run shared js-env code - function","    (function () {","        return;","    }());","    switch (local.modeJs) {","","","","    // run browser js-env code - function","    case 'browser':","        break;","","","","    // run node js-env code - function","    case 'node':","        break;","    }","","","","    // run shared js-env code - init-after","    (function () {","        return;","    }());","    switch (local.modeJs) {","","","","    // run browser js-env code - init-after","    case 'browser':","        local.testCase_browser_nullCase = local.testCase_browser_nullCase || function (","            options,","            onError","        ) {","        /*","         * this function will test browsers's null-case handling-behavior-behavior","         */","            onError(null, options);","        };","","        // run tests","        local.nop(local.modeTest &&","            document.querySelector('#testRunButton1') &&","            document.querySelector('#testRunButton1').click());","        break;","","","","    // run node js-env code - init-after","    /* istanbul ignore next */","    case 'node':","        local.testCase_buildApidoc_default = local.testCase_buildApidoc_default || function (","            options,","            onError","        ) {","        /*","         * this function will test buildApidoc's default handling-behavior-behavior","         */","            options = { modulePathList: module.paths };","            local.buildApidoc(options, onError);","        };","","        local.testCase_buildApp_default = local.testCase_buildApp_default || function (","            options,","            onError","        ) {","        /*","         * this function will test buildApp's default handling-behavior-behavior","         */","            local.testCase_buildReadme_default(options, local.onErrorThrow);","            local.testCase_buildLib_default(options, local.onErrorThrow);","            local.testCase_buildTest_default(options, local.onErrorThrow);","            local.testCase_buildCustomOrg_default(options, local.onErrorThrow);","            options = [];","            local.buildApp(options, onError);","        };","","        local.testCase_buildCustomOrg_default = local.testCase_buildCustomOrg_default ||","            function (options, onError) {","            /*","             * this function will test buildCustomOrg's default handling-behavior","             */","                options = {};","                local.buildCustomOrg(options, onError);","            };","","        local.testCase_buildLib_default = local.testCase_buildLib_default || function (","            options,","            onError","        ) {","        /*","         * this function will test buildLib's default handling-behavior","         */","            options = {};","            local.buildLib(options, onError);","        };","","        local.testCase_buildReadme_default = local.testCase_buildReadme_default || function (","            options,","            onError","        ) {","        /*","         * this function will test buildReadme's default handling-behavior-behavior","         */","            options = {};","            local.buildReadme(options, onError);","        };","","        local.testCase_buildTest_default = local.testCase_buildTest_default || function (","            options,","            onError","        ) {","        /*","         * this function will test buildTest's default handling-behavior","         */","            options = {};","            local.buildTest(options, onError);","        };","","        local.testCase_webpage_default = local.testCase_webpage_default || function (","            options,","            onError","        ) {","        /*","         * this function will test webpage's default handling-behavior","         */","            options = { modeCoverageMerge: true, url: local.serverLocalHost + '?modeTest=1' };","            local.browserTest(options, onError);","        };","","        // run test-server","        local.testRunServer(local);","        break;","    }","}());",""],"l":{"12":2,"14":2,"19":2,"21":2,"23":2,"24":2,"25":2,"30":1,"37":2,"40":2,"43":1,"47":1,"50":1,"52":1,"55":2,"61":2,"62":2,"64":2,"70":1,"76":1,"82":2,"83":2,"85":2,"91":1,"98":1,"102":1,"105":1,"112":1,"119":1,"120":1,"123":1,"130":1,"131":1,"132":1,"133":1,"134":1,"135":1,"138":1,"143":2,"144":2,"147":1,"154":2,"155":2,"158":1,"165":2,"166":2,"169":1,"176":2,"177":2,"180":1,"187":1,"188":1,"192":1,"193":1}},"/home/travis/build/npmtest/node-npmtest-catbox/lib.npmtest_catbox.js":{"path":"/home/travis/build/npmtest/node-npmtest-catbox/lib.npmtest_catbox.js","s":{"1":2,"2":2,"3":2,"4":2,"5":2,"6":2,"7":2,"8":1,"9":2,"10":2,"11":2,"12":2,"13":1,"14":1,"15":1,"16":1},"b":{"1":[2,1,1,1],"2":[1,1,1,1],"3":[1,1],"4":[2,2],"5":[1,1]},"f":{"1":2,"2":2,"3":2},"fnMap":{"1":{"name":"(anonymous_1)","line":12,"loc":{"start":{"line":12,"column":1},"end":{"line":12,"column":13}}},"2":{"name":"(anonymous_2)","line":19,"loc":{"start":{"line":19,"column":5},"end":{"line":19,"column":17}}},"3":{"name":"(anonymous_3)","line":23,"loc":{"start":{"line":23,"column":24},"end":{"line":23,"column":36}}}},"statementMap":{"1":{"start":{"line":12,"column":0},"end":{"line":53,"column":5}},"2":{"start":{"line":14,"column":4},"end":{"line":14,"column":14}},"3":{"start":{"line":19,"column":4},"end":{"line":52,"column":9}},"4":{"start":{"line":21,"column":8},"end":{"line":21,"column":19}},"5":{"start":{"line":23,"column":8},"end":{"line":35,"column":13}},"6":{"start":{"line":24,"column":12},"end":{"line":34,"column":13}},"7":{"start":{"line":25,"column":16},"end":{"line":28,"column":30}},"8":{"start":{"line":30,"column":16},"end":{"line":33,"column":27}},"9":{"start":{"line":37,"column":8},"end":{"line":39,"column":21}},"10":{"start":{"line":41,"column":8},"end":{"line":41,"column":54}},"11":{"start":{"line":43,"column":8},"end":{"line":43,"column":51}},"12":{"start":{"line":45,"column":8},"end":{"line":51,"column":9}},"13":{"start":{"line":46,"column":12},"end":{"line":46,"column":57}},"14":{"start":{"line":48,"column":12},"end":{"line":48,"column":35}},"15":{"start":{"line":49,"column":12},"end":{"line":49,"column":49}},"16":{"start":{"line":50,"column":12},"end":{"line":50,"column":43}}},"branchMap":{"1":{"line":25,"type":"binary-expr","locations":[{"start":{"line":25,"column":23},"end":{"line":25,"column":62}},{"start":{"line":26,"column":20},"end":{"line":26,"column":70}},{"start":{"line":27,"column":20},"end":{"line":27,"column":71}},{"start":{"line":28,"column":20},"end":{"line":28,"column":29}}]},"2":{"line":30,"type":"binary-expr","locations":[{"start":{"line":30,"column":23},"end":{"line":30,"column":37}},{"start":{"line":31,"column":20},"end":{"line":31,"column":61}},{"start":{"line":32,"column":20},"end":{"line":32,"column":70}},{"start":{"line":33,"column":20},"end":{"line":33,"column":26}}]},"3":{"line":37,"type":"cond-expr","locations":[{"start":{"line":38,"column":14},"end":{"line":38,"column":20}},{"start":{"line":39,"column":14},"end":{"line":39,"column":20}}]},"4":{"line":41,"type":"binary-expr","locations":[{"start":{"line":41,"column":16},"end":{"line":41,"column":44}},{"start":{"line":41,"column":48},"end":{"line":41,"column":53}}]},"5":{"line":45,"type":"if","locations":[{"start":{"line":45,"column":8},"end":{"line":45,"column":8}},{"start":{"line":45,"column":8},"end":{"line":45,"column":8}}]}},"code":["/* istanbul instrument in package npmtest_catbox */","/*jslint","    bitwise: true,","    browser: true,","    maxerr: 8,","    maxlen: 96,","    node: true,","    nomen: true,","    regexp: true,","    stupid: true","*/","(function () {","    'use strict';","    var local;","","","","    // run shared js-env code - init-before","    (function () {","        // init local","        local = {};","        // init modeJs","        local.modeJs = (function () {","            try {","                return typeof navigator.userAgent === 'string' &&","                    typeof document.querySelector('body') === 'object' &&","                    typeof XMLHttpRequest.prototype.open === 'function' &&","                    'browser';","            } catch (errorCaughtBrowser) {","                return module.exports &&","                    typeof process.versions.node === 'string' &&","                    typeof require('http').createServer === 'function' &&","                    'node';","            }","        }());","        // init global","        local.global = local.modeJs === 'browser'","            ? window","            : global;","        // init utility2_rollup","        local = local.global.utility2_rollup || local;","        // init lib","        local.local = local.npmtest_catbox = local;","        // init exports","        if (local.modeJs === 'browser') {","            local.global.utility2_npmtest_catbox = local;","        } else {","            module.exports = local;","            module.exports.__dirname = __dirname;","            module.exports.module = module;","        }","    }());","}());",""],"l":{"12":2,"14":2,"19":2,"21":2,"23":2,"24":2,"25":2,"30":1,"37":2,"41":2,"43":2,"45":2,"46":1,"48":1,"49":1,"50":1}},"/home/travis/build/npmtest/node-npmtest-catbox/example.js":{"path":"/home/travis/build/npmtest/node-npmtest-catbox/example.js","s":{"1":2,"2":2,"3":2,"4":2,"5":2,"6":2,"7":2,"8":1,"9":2,"10":2,"11":2,"12":2,"13":1,"14":2,"15":2,"16":2,"17":2,"18":2,"19":0,"20":2,"21":1,"22":1,"23":1,"24":1,"25":1,"26":0,"27":0,"28":1,"29":1,"30":2,"31":0,"32":0,"33":0,"34":1,"35":2,"36":2,"37":3,"38":3,"39":3,"40":3,"41":0,"42":3,"43":3,"44":3,"45":1,"46":3,"47":1,"48":1,"49":1,"50":1,"51":1,"52":1,"53":1,"54":1,"55":1,"56":1,"57":0,"58":1,"59":6,"60":6,"61":1,"62":2,"63":0,"64":2,"65":1,"66":1,"67":0,"68":0,"69":0,"70":0,"71":0,"72":0,"73":0,"74":0,"75":0,"76":0,"77":0,"78":0,"79":0,"80":0,"81":0,"82":0,"83":0},"b":{"1":[2,1,1,1],"2":[1,1,1,1],"3":[1,1],"4":[2,2],"5":[1,1],"6":[1,1],"7":[2,0],"8":[2,1,1,1,1,1],"9":[0,2,0],"10":[1,1],"11":[2,1,1],"12":[1,0],"13":[0,2],"14":[2,0,0,0,0,0,0],"15":[0,3],"16":[3,0],"17":[1,1],"18":[0,1],"19":[1,2,0,2],"20":[1,0],"21":[1,1],"22":[0,0],"23":[0,0],"24":[0,0],"25":[0,0],"26":[0,0],"27":[0,0],"28":[0,0]},"f":{"1":2,"2":2,"3":2,"4":2,"5":2,"6":2,"7":3,"8":3,"9":3,"10":1,"11":6,"12":0},"fnMap":{"1":{"name":"(anonymous_1)","line":26,"loc":{"start":{"line":26,"column":1},"end":{"line":26,"column":13}}},"2":{"name":"(anonymous_2)","line":33,"loc":{"start":{"line":33,"column":5},"end":{"line":33,"column":17}}},"3":{"name":"(anonymous_3)","line":37,"loc":{"start":{"line":37,"column":24},"end":{"line":37,"column":36}}},"4":{"name":"(anonymous_4)","line":69,"loc":{"start":{"line":69,"column":31},"end":{"line":69,"column":48}},"skip":true},"5":{"name":"(anonymous_5)","line":78,"loc":{"start":{"line":78,"column":26},"end":{"line":78,"column":45}},"skip":true},"6":{"name":"(anonymous_6)","line":123,"loc":{"start":{"line":123,"column":33},"end":{"line":123,"column":48}},"skip":true},"7":{"name":"(anonymous_7)","line":125,"loc":{"start":{"line":125,"column":27},"end":{"line":125,"column":39}},"skip":true},"8":{"name":"(anonymous_8)","line":133,"loc":{"start":{"line":133,"column":59},"end":{"line":133,"column":74}},"skip":true},"9":{"name":"(anonymous_9)","line":143,"loc":{"start":{"line":143,"column":45},"end":{"line":143,"column":62}},"skip":true},"10":{"name":"(anonymous_10)","line":144,"loc":{"start":{"line":144,"column":73},"end":{"line":144,"column":92}},"skip":true},"11":{"name":"(anonymous_11)","line":272,"loc":{"start":{"line":272,"column":51},"end":{"line":272,"column":77}},"skip":true},"12":{"name":"(anonymous_12)","line":315,"loc":{"start":{"line":315,"column":32},"end":{"line":315,"column":61}},"skip":true}},"statementMap":{"1":{"start":{"line":26,"column":0},"end":{"line":326,"column":5}},"2":{"start":{"line":28,"column":4},"end":{"line":28,"column":14}},"3":{"start":{"line":33,"column":4},"end":{"line":60,"column":9}},"4":{"start":{"line":35,"column":8},"end":{"line":35,"column":19}},"5":{"start":{"line":37,"column":8},"end":{"line":49,"column":13}},"6":{"start":{"line":38,"column":12},"end":{"line":48,"column":13}},"7":{"start":{"line":39,"column":16},"end":{"line":42,"column":30}},"8":{"start":{"line":44,"column":16},"end":{"line":47,"column":27}},"9":{"start":{"line":51,"column":8},"end":{"line":53,"column":21}},"10":{"start":{"line":55,"column":8},"end":{"line":57,"column":45}},"11":{"start":{"line":59,"column":8},"end":{"line":59,"column":35}},"12":{"start":{"line":61,"column":4},"end":{"line":325,"column":5}},"13":{"start":{"line":69,"column":8},"end":{"line":121,"column":10},"skip":true},"14":{"start":{"line":70,"column":12},"end":{"line":88,"column":13},"skip":true},"15":{"start":{"line":76,"column":16},"end":{"line":87,"column":19},"skip":true},"16":{"start":{"line":79,"column":20},"end":{"line":86,"column":21},"skip":true},"17":{"start":{"line":82,"column":24},"end":{"line":82,"column":43},"skip":true},"18":{"start":{"line":83,"column":24},"end":{"line":83,"column":30},"skip":true},"19":{"start":{"line":85,"column":24},"end":{"line":85,"column":49},"skip":true},"20":{"start":{"line":89,"column":12},"end":{"line":107,"column":13},"skip":true},"21":{"start":{"line":92,"column":16},"end":{"line":102,"column":17},"skip":true},"22":{"start":{"line":93,"column":20},"end":{"line":93,"column":86},"skip":true},"23":{"start":{"line":94,"column":20},"end":{"line":95,"column":45},"skip":true},"24":{"start":{"line":96,"column":20},"end":{"line":96,"column":42},"skip":true},"25":{"start":{"line":97,"column":20},"end":{"line":97,"column":48},"skip":true},"26":{"start":{"line":100,"column":20},"end":{"line":100,"column":85},"skip":true},"27":{"start":{"line":101,"column":20},"end":{"line":101,"column":96},"skip":true},"28":{"start":{"line":103,"column":16},"end":{"line":103,"column":22},"skip":true},"29":{"start":{"line":106,"column":16},"end":{"line":106,"column":22},"skip":true},"30":{"start":{"line":108,"column":12},"end":{"line":120,"column":13},"skip":true},"31":{"start":{"line":114,"column":16},"end":{"line":119,"column":17},"skip":true},"32":{"start":{"line":116,"column":20},"end":{"line":116,"column":78},"skip":true},"33":{"start":{"line":118,"column":20},"end":{"line":118,"column":47},"skip":true},"34":{"start":{"line":123,"column":8},"end":{"line":141,"column":11},"skip":true},"35":{"start":{"line":124,"column":12},"end":{"line":124,"column":54},"skip":true},"36":{"start":{"line":125,"column":12},"end":{"line":140,"column":14},"skip":true},"37":{"start":{"line":126,"column":16},"end":{"line":126,"column":28},"skip":true},"38":{"start":{"line":127,"column":16},"end":{"line":127,"column":69},"skip":true},"39":{"start":{"line":128,"column":16},"end":{"line":128,"column":75},"skip":true},"40":{"start":{"line":129,"column":16},"end":{"line":131,"column":17},"skip":true},"41":{"start":{"line":130,"column":20},"end":{"line":130,"column":27},"skip":true},"42":{"start":{"line":133,"column":16},"end":{"line":137,"column":36},"skip":true},"43":{"start":{"line":134,"column":20},"end":{"line":136,"column":55},"skip":true},"44":{"start":{"line":139,"column":16},"end":{"line":139,"column":57},"skip":true},"45":{"start":{"line":143,"column":8},"end":{"line":147,"column":11},"skip":true},"46":{"start":{"line":144,"column":12},"end":{"line":146,"column":15},"skip":true},"47":{"start":{"line":145,"column":16},"end":{"line":145,"column":70},"skip":true},"48":{"start":{"line":149,"column":8},"end":{"line":149,"column":31},"skip":true},"49":{"start":{"line":150,"column":8},"end":{"line":150,"column":14},"skip":true},"50":{"start":{"line":158,"column":8},"end":{"line":158,"column":31},"skip":true},"51":{"start":{"line":160,"column":8},"end":{"line":160,"column":33},"skip":true},"52":{"start":{"line":161,"column":8},"end":{"line":161,"column":37},"skip":true},"53":{"start":{"line":162,"column":8},"end":{"line":162,"column":35},"skip":true},"54":{"start":{"line":164,"column":8},"end":{"line":164,"column":50},"skip":true},"55":{"start":{"line":166,"column":8},"end":{"line":256,"column":2},"skip":true},"56":{"start":{"line":258,"column":8},"end":{"line":286,"column":9},"skip":true},"57":{"start":{"line":259,"column":12},"end":{"line":269,"column":14},"skip":true},"58":{"start":{"line":271,"column":12},"end":{"line":285,"column":19},"skip":true},"59":{"start":{"line":274,"column":20},"end":{"line":274,"column":35},"skip":true},"60":{"start":{"line":275,"column":20},"end":{"line":284,"column":21},"skip":true},"61":{"start":{"line":277,"column":24},"end":{"line":277,"column":64},"skip":true},"62":{"start":{"line":279,"column":24},"end":{"line":279,"column":40},"skip":true},"63":{"start":{"line":281,"column":24},"end":{"line":281,"column":40},"skip":true},"64":{"start":{"line":283,"column":24},"end":{"line":283,"column":39},"skip":true},"65":{"start":{"line":288,"column":8},"end":{"line":290,"column":9},"skip":true},"66":{"start":{"line":289,"column":12},"end":{"line":289,"column":18},"skip":true},"67":{"start":{"line":291,"column":8},"end":{"line":293,"column":54},"skip":true},"68":{"start":{"line":296,"column":8},"end":{"line":301,"column":37},"skip":true},"69":{"start":{"line":303,"column":8},"end":{"line":303,"column":82},"skip":true},"70":{"start":{"line":306,"column":8},"end":{"line":308,"column":9},"skip":true},"71":{"start":{"line":307,"column":12},"end":{"line":307,"column":82},"skip":true},"72":{"start":{"line":310,"column":8},"end":{"line":312,"column":9},"skip":true},"73":{"start":{"line":311,"column":12},"end":{"line":311,"column":18},"skip":true},"74":{"start":{"line":313,"column":8},"end":{"line":313,"column":54},"skip":true},"75":{"start":{"line":314,"column":8},"end":{"line":314,"column":69},"skip":true},"76":{"start":{"line":315,"column":8},"end":{"line":323,"column":36},"skip":true},"77":{"start":{"line":316,"column":12},"end":{"line":316,"column":61},"skip":true},"78":{"start":{"line":317,"column":12},"end":{"line":320,"column":13},"skip":true},"79":{"start":{"line":318,"column":16},"end":{"line":318,"column":75},"skip":true},"80":{"start":{"line":319,"column":16},"end":{"line":319,"column":23},"skip":true},"81":{"start":{"line":321,"column":12},"end":{"line":321,"column":38},"skip":true},"82":{"start":{"line":322,"column":12},"end":{"line":322,"column":27},"skip":true},"83":{"start":{"line":324,"column":8},"end":{"line":324,"column":14},"skip":true}},"branchMap":{"1":{"line":39,"type":"binary-expr","locations":[{"start":{"line":39,"column":23},"end":{"line":39,"column":62}},{"start":{"line":40,"column":20},"end":{"line":40,"column":70}},{"start":{"line":41,"column":20},"end":{"line":41,"column":71}},{"start":{"line":42,"column":20},"end":{"line":42,"column":29}}]},"2":{"line":44,"type":"binary-expr","locations":[{"start":{"line":44,"column":23},"end":{"line":44,"column":37}},{"start":{"line":45,"column":20},"end":{"line":45,"column":61}},{"start":{"line":46,"column":20},"end":{"line":46,"column":70}},{"start":{"line":47,"column":20},"end":{"line":47,"column":26}}]},"3":{"line":51,"type":"cond-expr","locations":[{"start":{"line":52,"column":14},"end":{"line":52,"column":20}},{"start":{"line":53,"column":14},"end":{"line":53,"column":20}}]},"4":{"line":55,"type":"binary-expr","locations":[{"start":{"line":55,"column":16},"end":{"line":55,"column":44}},{"start":{"line":55,"column":49},"end":{"line":57,"column":43}}]},"5":{"line":55,"type":"cond-expr","locations":[{"start":{"line":56,"column":14},"end":{"line":56,"column":50}},{"start":{"line":57,"column":14},"end":{"line":57,"column":43}}]},"6":{"line":61,"type":"switch","locations":[{"start":{"line":68,"column":4},"end":{"line":150,"column":14},"skip":true},{"start":{"line":156,"column":4},"end":{"line":324,"column":14},"skip":true}]},"7":{"line":70,"type":"if","locations":[{"start":{"line":70,"column":12},"end":{"line":70,"column":12},"skip":true},{"start":{"line":70,"column":12},"end":{"line":70,"column":12},"skip":true}]},"8":{"line":70,"type":"binary-expr","locations":[{"start":{"line":70,"column":16},"end":{"line":70,"column":22},"skip":true},{"start":{"line":70,"column":27},"end":{"line":70,"column":32},"skip":true},{"start":{"line":71,"column":20},"end":{"line":71,"column":39},"skip":true},{"start":{"line":72,"column":20},"end":{"line":72,"column":49},"skip":true},{"start":{"line":73,"column":20},"end":{"line":73,"column":58},"skip":true},{"start":{"line":74,"column":20},"end":{"line":74,"column":69},"skip":true}]},"9":{"line":79,"type":"switch","locations":[{"start":{"line":80,"column":20},"end":{"line":80,"column":33},"skip":true},{"start":{"line":81,"column":20},"end":{"line":83,"column":30},"skip":true},{"start":{"line":84,"column":20},"end":{"line":85,"column":49},"skip":true}]},"10":{"line":89,"type":"switch","locations":[{"start":{"line":90,"column":12},"end":{"line":103,"column":22},"skip":true},{"start":{"line":105,"column":12},"end":{"line":106,"column":22},"skip":true}]},"11":{"line":89,"type":"binary-expr","locations":[{"start":{"line":89,"column":20},"end":{"line":89,"column":25},"skip":true},{"start":{"line":89,"column":29},"end":{"line":89,"column":48},"skip":true},{"start":{"line":89,"column":52},"end":{"line":89,"column":74},"skip":true}]},"12":{"line":92,"type":"if","locations":[{"start":{"line":92,"column":16},"end":{"line":92,"column":16},"skip":true},{"start":{"line":92,"column":16},"end":{"line":92,"column":16},"skip":true}]},"13":{"line":108,"type":"if","locations":[{"start":{"line":108,"column":12},"end":{"line":108,"column":12},"skip":true},{"start":{"line":108,"column":12},"end":{"line":108,"column":12},"skip":true}]},"14":{"line":108,"type":"binary-expr","locations":[{"start":{"line":108,"column":16},"end":{"line":108,"column":61},"skip":true},{"start":{"line":108,"column":66},"end":{"line":108,"column":72},"skip":true},{"start":{"line":108,"column":77},"end":{"line":108,"column":82},"skip":true},{"start":{"line":109,"column":20},"end":{"line":109,"column":39},"skip":true},{"start":{"line":110,"column":20},"end":{"line":110,"column":49},"skip":true},{"start":{"line":111,"column":20},"end":{"line":111,"column":58},"skip":true},{"start":{"line":112,"column":20},"end":{"line":112,"column":68},"skip":true}]},"15":{"line":129,"type":"if","locations":[{"start":{"line":129,"column":16},"end":{"line":129,"column":16},"skip":true},{"start":{"line":129,"column":16},"end":{"line":129,"column":16},"skip":true}]},"16":{"line":134,"type":"cond-expr","locations":[{"start":{"line":135,"column":26},"end":{"line":135,"column":29},"skip":true},{"start":{"line":136,"column":26},"end":{"line":136,"column":54},"skip":true}]},"17":{"line":164,"type":"binary-expr","locations":[{"start":{"line":164,"column":27},"end":{"line":164,"column":43},"skip":true},{"start":{"line":164,"column":47},"end":{"line":164,"column":49},"skip":true}]},"18":{"line":258,"type":"if","locations":[{"start":{"line":258,"column":8},"end":{"line":258,"column":8},"skip":true},{"start":{"line":258,"column":8},"end":{"line":258,"column":8},"skip":true}]},"19":{"line":275,"type":"switch","locations":[{"start":{"line":276,"column":20},"end":{"line":277,"column":64},"skip":true},{"start":{"line":278,"column":20},"end":{"line":279,"column":40},"skip":true},{"start":{"line":280,"column":20},"end":{"line":281,"column":40},"skip":true},{"start":{"line":282,"column":20},"end":{"line":283,"column":39},"skip":true}]},"20":{"line":288,"type":"if","locations":[{"start":{"line":288,"column":8},"end":{"line":288,"column":8},"skip":true},{"start":{"line":288,"column":8},"end":{"line":288,"column":8},"skip":true}]},"21":{"line":288,"type":"binary-expr","locations":[{"start":{"line":288,"column":12},"end":{"line":288,"column":40},"skip":true},{"start":{"line":288,"column":44},"end":{"line":288,"column":67},"skip":true}]},"22":{"line":292,"type":"binary-expr","locations":[{"start":{"line":292,"column":12},"end":{"line":292,"column":50},"skip":true},{"start":{"line":293,"column":12},"end":{"line":293,"column":53},"skip":true}]},"23":{"line":297,"type":"binary-expr","locations":[{"start":{"line":297,"column":12},"end":{"line":297,"column":64},"skip":true},{"start":{"line":298,"column":12},"end":{"line":301,"column":36},"skip":true}]},"24":{"line":303,"type":"binary-expr","locations":[{"start":{"line":303,"column":43},"end":{"line":303,"column":75},"skip":true},{"start":{"line":303,"column":79},"end":{"line":303,"column":81},"skip":true}]},"25":{"line":306,"type":"if","locations":[{"start":{"line":306,"column":8},"end":{"line":306,"column":8},"skip":true},{"start":{"line":306,"column":8},"end":{"line":306,"column":8},"skip":true}]},"26":{"line":310,"type":"if","locations":[{"start":{"line":310,"column":8},"end":{"line":310,"column":8},"skip":true},{"start":{"line":310,"column":8},"end":{"line":310,"column":8},"skip":true}]},"27":{"line":313,"type":"binary-expr","locations":[{"start":{"line":313,"column":27},"end":{"line":313,"column":43},"skip":true},{"start":{"line":313,"column":47},"end":{"line":313,"column":53},"skip":true}]},"28":{"line":317,"type":"if","locations":[{"start":{"line":317,"column":12},"end":{"line":317,"column":12},"skip":true},{"start":{"line":317,"column":12},"end":{"line":317,"column":12},"skip":true}]}},"code":["/*","example.js","","quickstart example","","instruction","    1. save this script as example.js","    2. run the shell command:","        $ npm install npmtest-catbox && PORT=8081 node example.js","    3. play with the browser-demo on http://127.0.0.1:8081","*/","","","","/* istanbul instrument in package npmtest_catbox */","/*jslint","    bitwise: true,","    browser: true,","    maxerr: 8,","    maxlen: 96,","    node: true,","    nomen: true,","    regexp: true,","    stupid: true","*/","(function () {","    'use strict';","    var local;","","","","    // run shared js-env code - init-before","    (function () {","        // init local","        local = {};","        // init modeJs","        local.modeJs = (function () {","            try {","                return typeof navigator.userAgent === 'string' &&","                    typeof document.querySelector('body') === 'object' &&","                    typeof XMLHttpRequest.prototype.open === 'function' &&","                    'browser';","            } catch (errorCaughtBrowser) {","                return module.exports &&","                    typeof process.versions.node === 'string' &&","                    typeof require('http').createServer === 'function' &&","                    'node';","            }","        }());","        // init global","        local.global = local.modeJs === 'browser'","            ? window","            : global;","        // init utility2_rollup","        local = local.global.utility2_rollup || (local.modeJs === 'browser'","            ? local.global.utility2_npmtest_catbox","            : global.utility2_moduleExports);","        // export local","        local.global.local = local;","    }());","    switch (local.modeJs) {","","","","    // init-after","    // run browser js-env code - init-after","    /* istanbul ignore next */","    case 'browser':","        local.testRunBrowser = function (event) {","            if (!event || (event &&","                    event.currentTarget &&","                    event.currentTarget.className &&","                    event.currentTarget.className.includes &&","                    event.currentTarget.className.includes('onreset'))) {","                // reset output","                Array.from(","                    document.querySelectorAll('body > .resettable')","                ).forEach(function (element) {","                    switch (element.tagName) {","                    case 'INPUT':","                    case 'TEXTAREA':","                        element.value = '';","                        break;","                    default:","                        element.textContent = '';","                    }","                });","            }","            switch (event && event.currentTarget && event.currentTarget.id) {","            case 'testRunButton1':","                // show tests","                if (document.querySelector('#testReportDiv1').style.display === 'none') {","                    document.querySelector('#testReportDiv1').style.display = 'block';","                    document.querySelector('#testRunButton1').textContent =","                        'hide internal test';","                    local.modeTest = true;","                    local.testRunDefault(local);","                // hide tests","                } else {","                    document.querySelector('#testReportDiv1').style.display = 'none';","                    document.querySelector('#testRunButton1').textContent = 'run internal test';","                }","                break;","            // custom-case","            default:","                break;","            }","            if (document.querySelector('#inputTextareaEval1') && (!event || (event &&","                    event.currentTarget &&","                    event.currentTarget.className &&","                    event.currentTarget.className.includes &&","                    event.currentTarget.className.includes('oneval')))) {","                // try to eval input-code","                try {","                    /*jslint evil: true*/","                    eval(document.querySelector('#inputTextareaEval1').value);","                } catch (errorCaught) {","                    console.error(errorCaught);","                }","            }","        };","        // log stderr and stdout to #outputTextareaStdout1","        ['error', 'log'].forEach(function (key) {","            console[key + '_original'] = console[key];","            console[key] = function () {","                var element;","                console[key + '_original'].apply(console, arguments);","                element = document.querySelector('#outputTextareaStdout1');","                if (!element) {","                    return;","                }","                // append text to #outputTextareaStdout1","                element.value += Array.from(arguments).map(function (arg) {","                    return typeof arg === 'string'","                        ? arg","                        : JSON.stringify(arg, null, 4);","                }).join(' ') + '\\n';","                // scroll textarea to bottom","                element.scrollTop = element.scrollHeight;","            };","        });","        // init event-handling","        ['change', 'click', 'keyup'].forEach(function (event) {","            Array.from(document.querySelectorAll('.on' + event)).forEach(function (element) {","                element.addEventListener(event, local.testRunBrowser);","            });","        });","        // run tests","        local.testRunBrowser();","        break;","","","","    // run node js-env code - init-after","    /* istanbul ignore next */","    case 'node':","        // export local","        module.exports = local;","        // require modules","        local.fs = require('fs');","        local.http = require('http');","        local.url = require('url');","        // init assets","        local.assetsDict = local.assetsDict || {};","        /* jslint-ignore-begin */","        local.assetsDict['/assets.index.template.html'] = '\\","<!doctype html>\\n\\","<html lang=\"en\">\\n\\","<head>\\n\\","<meta charset=\"UTF-8\">\\n\\","<meta name=\"viewport\" content=\"width=device-width, initial-scale=1\">\\n\\","<title>{{env.npm_package_name}} (v{{env.npm_package_version}})</title>\\n\\","<style>\\n\\","/*csslint\\n\\","    box-sizing: false,\\n\\","    universal-selector: false\\n\\","*/\\n\\","* {\\n\\","    box-sizing: border-box;\\n\\","}\\n\\","body {\\n\\","    background: #dde;\\n\\","    font-family: Arial, Helvetica, sans-serif;\\n\\","    margin: 2rem;\\n\\","}\\n\\","body > * {\\n\\","    margin-bottom: 1rem;\\n\\","}\\n\\",".utility2FooterDiv {\\n\\","    margin-top: 20px;\\n\\","    text-align: center;\\n\\","}\\n\\","</style>\\n\\","<style>\\n\\","/*csslint\\n\\","*/\\n\\","textarea {\\n\\","    font-family: monospace;\\n\\","    height: 10rem;\\n\\","    width: 100%;\\n\\","}\\n\\","textarea[readonly] {\\n\\","    background: #ddd;\\n\\","}\\n\\","</style>\\n\\","</head>\\n\\","<body>\\n\\","<!-- utility2-comment\\n\\","<div id=\"ajaxProgressDiv1\" style=\"background: #d00; height: 2px; left: 0; margin: 0; padding: 0; position: fixed; top: 0; transition: background 0.5s, width 1.5s; width: 25%;\"></div>\\n\\","utility2-comment -->\\n\\","<h1>\\n\\","<!-- utility2-comment\\n\\","    <a\\n\\","        {{#if env.npm_package_homepage}}\\n\\","        href=\"{{env.npm_package_homepage}}\"\\n\\","        {{/if env.npm_package_homepage}}\\n\\","        target=\"_blank\"\\n\\","    >\\n\\","utility2-comment -->\\n\\","        {{env.npm_package_name}} (v{{env.npm_package_version}})\\n\\","<!-- utility2-comment\\n\\","    </a>\\n\\","utility2-comment -->\\n\\","</h1>\\n\\","<h3>{{env.npm_package_description}}</h3>\\n\\","<!-- utility2-comment\\n\\","<h4><a download href=\"assets.app.js\">download standalone app</a></h4>\\n\\","<button class=\"onclick onreset\" id=\"testRunButton1\">run internal test</button><br>\\n\\","<div id=\"testReportDiv1\" style=\"display: none;\"></div>\\n\\","utility2-comment -->\\n\\","\\n\\","\\n\\","\\n\\","<label>stderr and stdout</label>\\n\\","<textarea class=\"resettable\" id=\"outputTextareaStdout1\" readonly></textarea>\\n\\","<!-- utility2-comment\\n\\","{{#if isRollup}}\\n\\","<script src=\"assets.app.js\"></script>\\n\\","{{#unless isRollup}}\\n\\","utility2-comment -->\\n\\","<script src=\"assets.utility2.rollup.js\"></script>\\n\\","<script src=\"jsonp.utility2._stateInit?callback=window.utility2._stateInit\"></script>\\n\\","<script src=\"assets.npmtest_catbox.rollup.js\"></script>\\n\\","<script src=\"assets.example.js\"></script>\\n\\","<script src=\"assets.test.js\"></script>\\n\\","<!-- utility2-comment\\n\\","{{/if isRollup}}\\n\\","utility2-comment -->\\n\\","<div class=\"utility2FooterDiv\">\\n\\","    [ this app was created with\\n\\","    <a href=\"https://github.com/kaizhu256/node-utility2\" target=\"_blank\">utility2</a>\\n\\","    ]\\n\\","</div>\\n\\","</body>\\n\\","</html>\\n\\","';","        /* jslint-ignore-end */","        if (local.templateRender) {","            local.assetsDict['/'] = local.templateRender(","                local.assetsDict['/assets.index.template.html'],","                {","                    env: local.objectSetDefault(local.env, {","                        npm_package_description: 'the greatest app in the world!',","                        npm_package_name: 'my-app',","                        npm_package_nameAlias: 'my_app',","                        npm_package_version: '0.0.1'","                    })","                }","            );","        } else {","            local.assetsDict['/'] = local.assetsDict['/assets.index.template.html']","                .replace((/\\{\\{env\\.(\\w+?)\\}\\}/g), function (match0, match1) {","                    // jslint-hack","                    String(match0);","                    switch (match1) {","                    case 'npm_package_description':","                        return 'the greatest app in the world!';","                    case 'npm_package_name':","                        return 'my-app';","                    case 'npm_package_nameAlias':","                        return 'my_app';","                    case 'npm_package_version':","                        return '0.0.1';","                    }","                });","        }","        // run the cli","        if (local.global.utility2_rollup || module !== require.main) {","            break;","        }","        local.assetsDict['/assets.example.js'] =","            local.assetsDict['/assets.example.js'] ||","            local.fs.readFileSync(__filename, 'utf8');","        // bug-workaround - long $npm_package_buildCustomOrg","        /* jslint-ignore-begin */","        local.assetsDict['/assets.npmtest_catbox.rollup.js'] =","            local.assetsDict['/assets.npmtest_catbox.rollup.js'] ||","            local.fs.readFileSync(","                local.npmtest_catbox.__dirname + '/lib.npmtest_catbox.js',","                'utf8'","            ).replace((/^#!/), '//');","        /* jslint-ignore-end */","        local.assetsDict['/favicon.ico'] = local.assetsDict['/favicon.ico'] || '';","        // if $npm_config_timeout_exit exists,","        // then exit this process after $npm_config_timeout_exit ms","        if (Number(process.env.npm_config_timeout_exit)) {","            setTimeout(process.exit, Number(process.env.npm_config_timeout_exit));","        }","        // start server","        if (local.global.utility2_serverHttp1) {","            break;","        }","        process.env.PORT = process.env.PORT || '8081';","        console.error('server starting on port ' + process.env.PORT);","        local.http.createServer(function (request, response) {","            request.urlParsed = local.url.parse(request.url);","            if (local.assetsDict[request.urlParsed.pathname] !== undefined) {","                response.end(local.assetsDict[request.urlParsed.pathname]);","                return;","            }","            response.statusCode = 404;","            response.end();","        }).listen(process.env.PORT);","        break;","    }","}());",""],"l":{"26":2,"28":2,"33":2,"35":2,"37":2,"38":2,"39":2,"44":1,"51":2,"55":2,"59":2,"61":2,"69":1,"70":2,"76":2,"79":2,"82":2,"83":2,"85":1,"89":2,"92":1,"93":1,"94":1,"96":1,"97":1,"100":1,"101":1,"103":1,"106":1,"108":2,"114":1,"116":1,"118":1,"123":1,"124":2,"125":2,"126":3,"127":3,"128":3,"129":3,"130":1,"133":3,"134":3,"139":3,"143":1,"144":3,"145":1,"149":1,"150":1,"158":1,"160":1,"161":1,"162":1,"164":1,"166":1,"258":1,"259":1,"271":1,"274":6,"275":6,"277":1,"279":2,"281":1,"283":2,"288":1,"289":1,"291":1,"296":1,"303":1,"306":1,"307":1,"310":1,"311":1,"313":1,"314":1,"315":1,"316":1,"317":1,"318":1,"319":1,"321":1,"322":1,"324":1}},"/home/travis/build/npmtest/node-npmtest-catbox/node_modules/catbox/lib/index.js":{"path":"/home/travis/build/npmtest/node-npmtest-catbox/node_modules/catbox/lib/index.js","s":{"1":1,"2":1,"3":1,"4":1,"5":1},"b":{},"f":{},"fnMap":{},"statementMap":{"1":{"start":{"line":5,"column":0},"end":{"line":5,"column":35}},"2":{"start":{"line":6,"column":0},"end":{"line":6,"column":35}},"3":{"start":{"line":11,"column":0},"end":{"line":11,"column":21}},"4":{"start":{"line":14,"column":0},"end":{"line":14,"column":24}},"5":{"start":{"line":15,"column":0},"end":{"line":15,"column":41}}},"branchMap":{},"code":["'use strict';","","// Load modules","","const Client = require('./client');","const Policy = require('./policy');","","","// Declare internals","","const internals = {};","","","exports.Client = Client;","exports.Policy = exports.policy = Policy;",""],"l":{"5":1,"6":1,"11":1,"14":1,"15":1}},"/home/travis/build/npmtest/node-npmtest-catbox/node_modules/catbox/lib/client.js":{"path":"/home/travis/build/npmtest/node-npmtest-catbox/node_modules/catbox/lib/client.js","s":{"1":1,"2":1,"3":1,"4":1,"5":1,"6":0,"7":0,"8":0,"9":0,"10":0,"11":0,"12":0,"13":1,"14":0,"15":1,"16":0,"17":1,"18":0,"19":1,"20":0,"21":1,"22":0,"23":0,"24":0,"25":0,"26":0,"27":0,"28":0,"29":0,"30":0,"31":0,"32":0,"33":0,"34":0,"35":0,"36":0,"37":0,"38":0,"39":0,"40":1,"41":0,"42":0,"43":0,"44":0,"45":0,"46":0,"47":0,"48":1,"49":0,"50":0,"51":0,"52":0,"53":0,"54":1,"55":0},"b":{"1":[0,0],"2":[0,0],"3":[0,0],"4":[0,0],"5":[0,0],"6":[0,0],"7":[0,0],"8":[0,0],"9":[0,0],"10":[0,0,0],"11":[0,0],"12":[0,0],"13":[0,0],"14":[0,0],"15":[0,0],"16":[0,0],"17":[0,0,0,0]},"f":{"1":0,"2":0,"3":0,"4":0,"5":0,"6":0,"7":0,"8":0,"9":0},"fnMap":{"1":{"name":"(anonymous_1)","line":19,"loc":{"start":{"line":19,"column":36},"end":{"line":19,"column":63}}},"2":{"name":"(anonymous_2)","line":33,"loc":{"start":{"line":33,"column":34},"end":{"line":33,"column":46}}},"3":{"name":"(anonymous_3)","line":39,"loc":{"start":{"line":39,"column":35},"end":{"line":39,"column":55}}},"4":{"name":"(anonymous_4)","line":45,"loc":{"start":{"line":45,"column":37},"end":{"line":45,"column":49}}},"5":{"name":"(anonymous_5)","line":51,"loc":{"start":{"line":51,"column":49},"end":{"line":51,"column":65}}},"6":{"name":"(anonymous_6)","line":57,"loc":{"start":{"line":57,"column":33},"end":{"line":57,"column":58}}},"7":{"name":"(anonymous_7)","line":109,"loc":{"start":{"line":109,"column":33},"end":{"line":109,"column":70}}},"8":{"name":"(anonymous_8)","line":129,"loc":{"start":{"line":129,"column":34},"end":{"line":129,"column":59}}},"9":{"name":"(anonymous_9)","line":144,"loc":{"start":{"line":144,"column":24},"end":{"line":144,"column":39}}}},"statementMap":{"1":{"start":{"line":5,"column":0},"end":{"line":5,"column":29}},"2":{"start":{"line":6,"column":0},"end":{"line":6,"column":29}},"3":{"start":{"line":11,"column":0},"end":{"line":11,"column":21}},"4":{"start":{"line":14,"column":0},"end":{"line":16,"column":2}},"5":{"start":{"line":19,"column":0},"end":{"line":30,"column":2}},"6":{"start":{"line":21,"column":4},"end":{"line":21,"column":97}},"7":{"start":{"line":22,"column":4},"end":{"line":22,"column":56}},"8":{"start":{"line":23,"column":4},"end":{"line":23,"column":142}},"9":{"start":{"line":24,"column":4},"end":{"line":24,"column":114}},"10":{"start":{"line":26,"column":4},"end":{"line":26,"column":77}},"11":{"start":{"line":27,"column":4},"end":{"line":27,"column":103}},"12":{"start":{"line":29,"column":4},"end":{"line":29,"column":83}},"13":{"start":{"line":33,"column":0},"end":{"line":36,"column":2}},"14":{"start":{"line":35,"column":4},"end":{"line":35,"column":27}},"15":{"start":{"line":39,"column":0},"end":{"line":42,"column":2}},"16":{"start":{"line":41,"column":4},"end":{"line":41,"column":36}},"17":{"start":{"line":45,"column":0},"end":{"line":48,"column":2}},"18":{"start":{"line":47,"column":4},"end":{"line":47,"column":37}},"19":{"start":{"line":51,"column":0},"end":{"line":54,"column":2}},"20":{"start":{"line":53,"column":4},"end":{"line":53,"column":53}},"21":{"start":{"line":57,"column":0},"end":{"line":106,"column":2}},"22":{"start":{"line":59,"column":4},"end":{"line":62,"column":5}},"23":{"start":{"line":61,"column":8},"end":{"line":61,"column":55}},"24":{"start":{"line":64,"column":4},"end":{"line":67,"column":5}},"25":{"start":{"line":66,"column":8},"end":{"line":66,"column":36}},"26":{"start":{"line":69,"column":4},"end":{"line":71,"column":5}},"27":{"start":{"line":70,"column":8},"end":{"line":70,"column":54}},"28":{"start":{"line":73,"column":4},"end":{"line":105,"column":7}},"29":{"start":{"line":75,"column":8},"end":{"line":78,"column":9}},"30":{"start":{"line":77,"column":12},"end":{"line":77,"column":33}},"31":{"start":{"line":80,"column":8},"end":{"line":86,"column":9}},"32":{"start":{"line":85,"column":12},"end":{"line":85,"column":40}},"33":{"start":{"line":88,"column":8},"end":{"line":88,"column":31}},"34":{"start":{"line":89,"column":8},"end":{"line":89,"column":51}},"35":{"start":{"line":90,"column":8},"end":{"line":90,"column":34}},"36":{"start":{"line":91,"column":8},"end":{"line":94,"column":9}},"37":{"start":{"line":93,"column":12},"end":{"line":93,"column":40}},"38":{"start":{"line":98,"column":8},"end":{"line":102,"column":10}},"39":{"start":{"line":104,"column":8},"end":{"line":104,"column":38}},"40":{"start":{"line":109,"column":0},"end":{"line":126,"column":2}},"41":{"start":{"line":111,"column":4},"end":{"line":114,"column":5}},"42":{"start":{"line":113,"column":8},"end":{"line":113,"column":55}},"43":{"start":{"line":116,"column":4},"end":{"line":118,"column":5}},"44":{"start":{"line":117,"column":8},"end":{"line":117,"column":54}},"45":{"start":{"line":120,"column":4},"end":{"line":123,"column":5}},"46":{"start":{"line":122,"column":8},"end":{"line":122,"column":26}},"47":{"start":{"line":125,"column":4},"end":{"line":125,"column":51}},"48":{"start":{"line":129,"column":0},"end":{"line":141,"column":2}},"49":{"start":{"line":131,"column":4},"end":{"line":134,"column":5}},"50":{"start":{"line":133,"column":8},"end":{"line":133,"column":55}},"51":{"start":{"line":136,"column":4},"end":{"line":138,"column":5}},"52":{"start":{"line":137,"column":8},"end":{"line":137,"column":54}},"53":{"start":{"line":140,"column":4},"end":{"line":140,"column":40}},"54":{"start":{"line":144,"column":0},"end":{"line":147,"column":2}},"55":{"start":{"line":146,"column":4},"end":{"line":146,"column":97}}},"branchMap":{"1":{"line":23,"type":"binary-expr","locations":[{"start":{"line":23,"column":16},"end":{"line":23,"column":42}},{"start":{"line":23,"column":46},"end":{"line":23,"column":74}}]},"2":{"line":24,"type":"binary-expr","locations":[{"start":{"line":24,"column":16},"end":{"line":24,"column":44}},{"start":{"line":24,"column":48},"end":{"line":24,"column":56}}]},"3":{"line":26,"type":"binary-expr","locations":[{"start":{"line":26,"column":62},"end":{"line":26,"column":69}},{"start":{"line":26,"column":73},"end":{"line":26,"column":75}}]},"4":{"line":29,"type":"cond-expr","locations":[{"start":{"line":29,"column":52},"end":{"line":29,"column":58}},{"start":{"line":29,"column":61},"end":{"line":29,"column":81}}]},"5":{"line":59,"type":"if","locations":[{"start":{"line":59,"column":4},"end":{"line":59,"column":4}},{"start":{"line":59,"column":4},"end":{"line":59,"column":4}}]},"6":{"line":64,"type":"if","locations":[{"start":{"line":64,"column":4},"end":{"line":64,"column":4}},{"start":{"line":64,"column":4},"end":{"line":64,"column":4}}]},"7":{"line":69,"type":"if","locations":[{"start":{"line":69,"column":4},"end":{"line":69,"column":4}},{"start":{"line":69,"column":4},"end":{"line":69,"column":4}}]},"8":{"line":75,"type":"if","locations":[{"start":{"line":75,"column":8},"end":{"line":75,"column":8}},{"start":{"line":75,"column":8},"end":{"line":75,"column":8}}]},"9":{"line":80,"type":"if","locations":[{"start":{"line":80,"column":8},"end":{"line":80,"column":8}},{"start":{"line":80,"column":8},"end":{"line":80,"column":8}}]},"10":{"line":80,"type":"binary-expr","locations":[{"start":{"line":80,"column":12},"end":{"line":80,"column":19}},{"start":{"line":81,"column":12},"end":{"line":81,"column":37}},{"start":{"line":82,"column":12},"end":{"line":82,"column":32}}]},"11":{"line":91,"type":"if","locations":[{"start":{"line":91,"column":8},"end":{"line":91,"column":8}},{"start":{"line":91,"column":8},"end":{"line":91,"column":8}}]},"12":{"line":111,"type":"if","locations":[{"start":{"line":111,"column":4},"end":{"line":111,"column":4}},{"start":{"line":111,"column":4},"end":{"line":111,"column":4}}]},"13":{"line":116,"type":"if","locations":[{"start":{"line":116,"column":4},"end":{"line":116,"column":4}},{"start":{"line":116,"column":4},"end":{"line":116,"column":4}}]},"14":{"line":120,"type":"if","locations":[{"start":{"line":120,"column":4},"end":{"line":120,"column":4}},{"start":{"line":120,"column":4},"end":{"line":120,"column":4}}]},"15":{"line":131,"type":"if","locations":[{"start":{"line":131,"column":4},"end":{"line":131,"column":4}},{"start":{"line":131,"column":4},"end":{"line":131,"column":4}}]},"16":{"line":136,"type":"if","locations":[{"start":{"line":136,"column":4},"end":{"line":136,"column":4}},{"start":{"line":136,"column":4},"end":{"line":136,"column":4}}]},"17":{"line":146,"type":"binary-expr","locations":[{"start":{"line":146,"column":12},"end":{"line":146,"column":15}},{"start":{"line":146,"column":19},"end":{"line":146,"column":45}},{"start":{"line":146,"column":49},"end":{"line":146,"column":60}},{"start":{"line":146,"column":64},"end":{"line":146,"column":95}}]}},"code":["'use strict';","","// Load modules","","const Hoek = require('hoek');","const Boom = require('boom');","","","// Declare internals","","const internals = {};","","","internals.defaults = {","    partition: 'catbox'","};","","","module.exports = internals.Client = function (engine, options) {","","    Hoek.assert(this instanceof internals.Client, 'Cache client must be instantiated using new');","    Hoek.assert(engine, 'Missing catbox client engine');","    Hoek.assert(typeof engine === 'object' || typeof engine === 'function', 'engine must be an engine object or engine prototype (function)');","    Hoek.assert(typeof engine === 'function' || !options, 'Can only specify options with function engine config');","","    const settings = Hoek.applyToDefaults(internals.defaults, options || {});","    Hoek.assert(settings.partition.match(/^[\\w\\-]+$/), 'Invalid partition name:' + settings.partition);","","    this.connection = (typeof engine === 'object' ? engine : new engine(settings));","};","","","internals.Client.prototype.stop = function () {","","    this.connection.stop();","};","","","internals.Client.prototype.start = function (callback) {","","    this.connection.start(callback);","};","","","internals.Client.prototype.isReady = function () {","","    return this.connection.isReady();","};","","","internals.Client.prototype.validateSegmentName = function (name) {","","    return this.connection.validateSegmentName(name);","};","","","internals.Client.prototype.get = function (key, callback) {","","    if (!this.connection.isReady()) {","        // Disconnected","        return callback(Boom.internal('Disconnected'));","    }","","    if (!key) {","        // Not found on null","        return callback(null, null);","    }","","    if (!internals.validateKey(key)) {","        return callback(Boom.internal('Invalid key'));","    }","","    this.connection.get(key, (err, result) => {","","        if (err) {","            // Connection error","            return callback(err);","        }","","        if (!result ||","            result.item === undefined ||","            result.item === null) {","","            // Not found","            return callback(null, null);","        }","","        const now = Date.now();","        const expires = result.stored + result.ttl;","        const ttl = expires - now;","        if (ttl <= 0) {","            // Expired","            return callback(null, null);","        }","","        // Valid","","        const cached = {","            item: result.item,","            stored: result.stored,","            ttl","        };","","        return callback(null, cached);","    });","};","","","internals.Client.prototype.set = function (key, value, ttl, callback) {","","    if (!this.connection.isReady()) {","        // Disconnected","        return callback(Boom.internal('Disconnected'));","    }","","    if (!internals.validateKey(key)) {","        return callback(Boom.internal('Invalid key'));","    }","","    if (ttl <= 0) {","        // Not cachable (or bad rules)","        return callback();","    }","","    this.connection.set(key, value, ttl, callback);","};","","","internals.Client.prototype.drop = function (key, callback) {","","    if (!this.connection.isReady()) {","        // Disconnected","        return callback(Boom.internal('Disconnected'));","    }","","    if (!internals.validateKey(key)) {","        return callback(Boom.internal('Invalid key'));","    }","","    this.connection.drop(key, callback);           // Always drop, regardless of caching rules","};","","","internals.validateKey = function (key) {","","    return (key && typeof key.id === 'string' && key.segment && typeof key.segment === 'string');","};",""],"l":{"5":1,"6":1,"11":1,"14":1,"19":1,"21":0,"22":0,"23":0,"24":0,"26":0,"27":0,"29":0,"33":1,"35":0,"39":1,"41":0,"45":1,"47":0,"51":1,"53":0,"57":1,"59":0,"61":0,"64":0,"66":0,"69":0,"70":0,"73":0,"75":0,"77":0,"80":0,"85":0,"88":0,"89":0,"90":0,"91":0,"93":0,"98":0,"104":0,"109":1,"111":0,"113":0,"116":0,"117":0,"120":0,"122":0,"125":0,"129":1,"131":0,"133":0,"136":0,"137":0,"140":0,"144":1,"146":0}},"/home/travis/build/npmtest/node-npmtest-catbox/node_modules/catbox/lib/policy.js":{"path":"/home/travis/build/npmtest/node-npmtest-catbox/node_modules/catbox/lib/policy.js","s":{"1":1,"2":1,"3":1,"4":1,"5":1,"6":0,"7":0,"8":0,"9":0,"10":0,"11":0,"12":0,"13":0,"14":0,"15":0,"16":1,"17":0,"18":1,"19":0,"20":0,"21":0,"22":0,"23":0,"24":0,"25":0,"26":0,"27":0,"28":0,"29":0,"30":0,"31":0,"32":0,"33":0,"34":0,"35":0,"36":0,"37":0,"38":0,"39":0,"40":0,"41":0,"42":0,"43":0,"44":1,"45":0,"46":0,"47":0,"48":0,"49":0,"50":0,"51":0,"52":0,"53":0,"54":0,"55":0,"56":0,"57":0,"58":0,"59":0,"60":0,"61":0,"62":0,"63":0,"64":0,"65":1,"66":0,"67":0,"68":0,"69":0,"70":0,"71":0,"72":0,"73":0,"74":0,"75":0,"76":0,"77":0,"78":1,"79":0,"80":0,"81":0,"82":1,"83":0,"84":0,"85":0,"86":0,"87":0,"88":0,"89":0,"90":0,"91":1,"92":0,"93":0,"94":0,"95":0,"96":0,"97":0,"98":0,"99":0,"100":0,"101":0,"102":1,"103":0,"104":0,"105":0,"106":0,"107":0,"108":0,"109":0,"110":0,"111":0,"112":0,"113":1,"114":0,"115":1,"116":1,"117":0,"118":0,"119":0,"120":0,"121":0,"122":0,"123":0,"124":0,"125":0,"126":0,"127":0,"128":0,"129":0,"130":0,"131":0,"132":0,"133":0,"134":0,"135":0,"136":0,"137":0,"138":0,"139":0,"140":0,"141":0,"142":0,"143":0,"144":0,"145":1,"146":0,"147":0,"148":0,"149":0,"150":0,"151":0,"152":0,"153":0,"154":0,"155":0,"156":0,"157":0,"158":0,"159":0,"160":0,"161":0,"162":0,"163":0,"164":0,"165":0,"166":0,"167":0,"168":1,"169":0,"170":0,"171":0},"b":{"1":[0,0],"2":[0,0],"3":[0,0],"4":[0,0],"5":[0,0],"6":[0,0],"7":[0,0],"8":[0,0],"9":[0,0],"10":[0,0],"11":[0,0],"12":[0,0],"13":[0,0,0],"14":[0,0],"15":[0,0],"16":[0,0],"17":[0,0],"18":[0,0],"19":[0,0],"20":[0,0],"21":[0,0],"22":[0,0],"23":[0,0],"24":[0,0],"25":[0,0,0],"26":[0,0],"27":[0,0,0],"28":[0,0],"29":[0,0],"30":[0,0],"31":[0,0],"32":[0,0],"33":[0,0],"34":[0,0],"35":[0,0],"36":[0,0],"37":[0,0],"38":[0,0],"39":[0,0],"40":[0,0],"41":[0,0],"42":[0,0],"43":[0,0],"44":[0,0],"45":[0,0],"46":[0,0],"47":[0,0],"48":[0,0],"49":[0,0,0,0],"50":[0,0],"51":[0,0,0],"52":[0,0,0,0],"53":[0,0,0],"54":[0,0],"55":[0,0],"56":[0,0],"57":[0,0],"58":[0,0],"59":[0,0],"60":[0,0],"61":[0,0],"62":[0,0],"63":[0,0],"64":[0,0],"65":[0,0],"66":[0,0],"67":[0,0],"68":[0,0],"69":[0,0],"70":[0,0]},"f":{"1":0,"2":0,"3":0,"4":0,"5":0,"6":0,"7":0,"8":0,"9":0,"10":0,"11":0,"12":0,"13":0},"fnMap":{"1":{"name":"(anonymous_1)","line":17,"loc":{"start":{"line":17,"column":46},"end":{"line":17,"column":81}}},"2":{"name":"(anonymous_2)","line":44,"loc":{"start":{"line":44,"column":35},"end":{"line":44,"column":54}}},"3":{"name":"(anonymous_3)","line":50,"loc":{"start":{"line":50,"column":33},"end":{"line":50,"column":58}}},"4":{"name":"(anonymous_4)","line":114,"loc":{"start":{"line":114,"column":39},"end":{"line":114,"column":74}}},"5":{"name":"(anonymous_5)","line":165,"loc":{"start":{"line":165,"column":47},"end":{"line":165,"column":91}}},"6":{"name":"(anonymous_6)","line":199,"loc":{"start":{"line":199,"column":34},"end":{"line":199,"column":58}}},"7":{"name":"(anonymous_7)","line":209,"loc":{"start":{"line":209,"column":20},"end":{"line":209,"column":70}}},"8":{"name":"(anonymous_8)","line":226,"loc":{"start":{"line":226,"column":33},"end":{"line":226,"column":70}}},"9":{"name":"(anonymous_9)","line":249,"loc":{"start":{"line":249,"column":34},"end":{"line":249,"column":59}}},"10":{"name":"(anonymous_10)","line":273,"loc":{"start":{"line":273,"column":33},"end":{"line":273,"column":52}}},"11":{"name":"(anonymous_11)","line":307,"loc":{"start":{"line":307,"column":27},"end":{"line":307,"column":58}}},"12":{"name":"(anonymous_12)","line":390,"loc":{"start":{"line":390,"column":23},"end":{"line":390,"column":53}}},"13":{"name":"(anonymous_13)","line":431,"loc":{"start":{"line":431,"column":37},"end":{"line":431,"column":49}}}},"statementMap":{"1":{"start":{"line":5,"column":0},"end":{"line":5,"column":29}},"2":{"start":{"line":6,"column":0},"end":{"line":6,"column":29}},"3":{"start":{"line":7,"column":0},"end":{"line":7,"column":27}},"4":{"start":{"line":12,"column":0},"end":{"line":14,"column":2}},"5":{"start":{"line":17,"column":0},"end":{"line":41,"column":2}},"6":{"start":{"line":19,"column":4},"end":{"line":19,"column":97}},"7":{"start":{"line":21,"column":4},"end":{"line":21,"column":24}},"8":{"start":{"line":22,"column":4},"end":{"line":22,"column":24}},"9":{"start":{"line":23,"column":4},"end":{"line":23,"column":35}},"10":{"start":{"line":24,"column":4},"end":{"line":24,"column":24}},"11":{"start":{"line":26,"column":4},"end":{"line":33,"column":6}},"12":{"start":{"line":35,"column":4},"end":{"line":40,"column":5}},"13":{"start":{"line":36,"column":8},"end":{"line":36,"column":59}},"14":{"start":{"line":37,"column":8},"end":{"line":37,"column":122}},"15":{"start":{"line":39,"column":8},"end":{"line":39,"column":32}},"16":{"start":{"line":44,"column":0},"end":{"line":47,"column":2}},"17":{"start":{"line":46,"column":4},"end":{"line":46,"column":65}},"18":{"start":{"line":50,"column":0},"end":{"line":111,"column":2}},"19":{"start":{"line":52,"column":4},"end":{"line":52,"column":22}},"20":{"start":{"line":56,"column":4},"end":{"line":56,"column":63}},"21":{"start":{"line":57,"column":4},"end":{"line":57,"column":32}},"22":{"start":{"line":58,"column":4},"end":{"line":61,"column":5}},"23":{"start":{"line":59,"column":8},"end":{"line":59,"column":99}},"24":{"start":{"line":60,"column":8},"end":{"line":60,"column":15}},"25":{"start":{"line":63,"column":4},"end":{"line":63,"column":44}},"26":{"start":{"line":67,"column":4},"end":{"line":67,"column":35}},"27":{"start":{"line":68,"column":4},"end":{"line":110,"column":7}},"28":{"start":{"line":70,"column":8},"end":{"line":72,"column":9}},"29":{"start":{"line":71,"column":12},"end":{"line":71,"column":32}},"30":{"start":{"line":76,"column":8},"end":{"line":79,"column":10}},"31":{"start":{"line":81,"column":8},"end":{"line":91,"column":9}},"32":{"start":{"line":82,"column":12},"end":{"line":82,"column":42}},"33":{"start":{"line":83,"column":12},"end":{"line":83,"column":36}},"34":{"start":{"line":84,"column":12},"end":{"line":84,"column":135}},"35":{"start":{"line":85,"column":12},"end":{"line":85,"column":89}},"36":{"start":{"line":86,"column":12},"end":{"line":86,"column":44}},"37":{"start":{"line":88,"column":12},"end":{"line":90,"column":13}},"38":{"start":{"line":89,"column":16},"end":{"line":89,"column":36}},"39":{"start":{"line":95,"column":8},"end":{"line":99,"column":9}},"40":{"start":{"line":98,"column":12},"end":{"line":98,"column":97}},"41":{"start":{"line":103,"column":8},"end":{"line":107,"column":9}},"42":{"start":{"line":106,"column":12},"end":{"line":106,"column":82}},"43":{"start":{"line":109,"column":8},"end":{"line":109,"column":55}},"44":{"start":{"line":114,"column":0},"end":{"line":162,"column":2}},"45":{"start":{"line":116,"column":4},"end":{"line":116,"column":49}},"46":{"start":{"line":118,"column":4},"end":{"line":138,"column":5}},"47":{"start":{"line":122,"column":8},"end":{"line":122,"column":57}},"48":{"start":{"line":123,"column":8},"end":{"line":128,"column":9}},"49":{"start":{"line":124,"column":12},"end":{"line":127,"column":39}},"50":{"start":{"line":126,"column":16},"end":{"line":126,"column":76}},"51":{"start":{"line":130,"column":9},"end":{"line":138,"column":5}},"52":{"start":{"line":134,"column":8},"end":{"line":137,"column":38}},"53":{"start":{"line":136,"column":12},"end":{"line":136,"column":83}},"54":{"start":{"line":142,"column":4},"end":{"line":142,"column":33}},"55":{"start":{"line":143,"column":4},"end":{"line":161,"column":5}},"56":{"start":{"line":144,"column":8},"end":{"line":144,"column":31}},"57":{"start":{"line":146,"column":8},"end":{"line":152,"column":9}},"58":{"start":{"line":147,"column":12},"end":{"line":147,"column":56}},"59":{"start":{"line":148,"column":12},"end":{"line":151,"column":49}},"60":{"start":{"line":150,"column":16},"end":{"line":150,"column":60}},"61":{"start":{"line":154,"column":8},"end":{"line":160,"column":9}},"62":{"start":{"line":155,"column":12},"end":{"line":155,"column":69}},"63":{"start":{"line":158,"column":12},"end":{"line":158,"column":56}},"64":{"start":{"line":159,"column":12},"end":{"line":159,"column":62}},"65":{"start":{"line":165,"column":0},"end":{"line":196,"column":2}},"66":{"start":{"line":167,"column":4},"end":{"line":195,"column":7}},"67":{"start":{"line":169,"column":8},"end":{"line":169,"column":51}},"68":{"start":{"line":171,"column":8},"end":{"line":182,"column":10}},"69":{"start":{"line":173,"column":12},"end":{"line":173,"column":93}},"70":{"start":{"line":174,"column":12},"end":{"line":179,"column":13}},"71":{"start":{"line":178,"column":16},"end":{"line":178,"column":77}},"72":{"start":{"line":181,"column":12},"end":{"line":181,"column":65}},"73":{"start":{"line":186,"column":8},"end":{"line":188,"column":9}},"74":{"start":{"line":187,"column":12},"end":{"line":187,"column":43}},"75":{"start":{"line":190,"column":8},"end":{"line":192,"column":9}},"76":{"start":{"line":191,"column":12},"end":{"line":191,"column":54}},"77":{"start":{"line":194,"column":8},"end":{"line":194,"column":26}},"78":{"start":{"line":199,"column":0},"end":{"line":206,"column":2}},"79":{"start":{"line":201,"column":4},"end":{"line":203,"column":5}},"80":{"start":{"line":202,"column":8},"end":{"line":202,"column":51}},"81":{"start":{"line":205,"column":4},"end":{"line":205,"column":62}},"82":{"start":{"line":209,"column":0},"end":{"line":223,"column":2}},"83":{"start":{"line":211,"column":4},"end":{"line":211,"column":18}},"84":{"start":{"line":212,"column":4},"end":{"line":212,"column":42}},"85":{"start":{"line":213,"column":4},"end":{"line":213,"column":32}},"86":{"start":{"line":215,"column":4},"end":{"line":215,"column":35}},"87":{"start":{"line":216,"column":4},"end":{"line":218,"column":5}},"88":{"start":{"line":217,"column":8},"end":{"line":217,"column":63}},"89":{"start":{"line":220,"column":4},"end":{"line":222,"column":5}},"90":{"start":{"line":221,"column":8},"end":{"line":221,"column":55}},"91":{"start":{"line":226,"column":0},"end":{"line":246,"column":2}},"92":{"start":{"line":228,"column":4},"end":{"line":228,"column":39}},"93":{"start":{"line":230,"column":4},"end":{"line":230,"column":22}},"94":{"start":{"line":232,"column":4},"end":{"line":234,"column":5}},"95":{"start":{"line":233,"column":8},"end":{"line":233,"column":30}},"96":{"start":{"line":236,"column":4},"end":{"line":236,"column":49}},"97":{"start":{"line":237,"column":4},"end":{"line":237,"column":63}},"98":{"start":{"line":238,"column":4},"end":{"line":245,"column":7}},"99":{"start":{"line":240,"column":8},"end":{"line":242,"column":9}},"100":{"start":{"line":241,"column":12},"end":{"line":241,"column":32}},"101":{"start":{"line":244,"column":8},"end":{"line":244,"column":29}},"102":{"start":{"line":249,"column":0},"end":{"line":270,"column":2}},"103":{"start":{"line":251,"column":4},"end":{"line":251,"column":39}},"104":{"start":{"line":253,"column":4},"end":{"line":255,"column":5}},"105":{"start":{"line":254,"column":8},"end":{"line":254,"column":30}},"106":{"start":{"line":257,"column":4},"end":{"line":257,"column":63}},"107":{"start":{"line":258,"column":4},"end":{"line":260,"column":5}},"108":{"start":{"line":259,"column":8},"end":{"line":259,"column":50}},"109":{"start":{"line":262,"column":4},"end":{"line":269,"column":7}},"110":{"start":{"line":264,"column":8},"end":{"line":266,"column":9}},"111":{"start":{"line":265,"column":12},"end":{"line":265,"column":32}},"112":{"start":{"line":268,"column":8},"end":{"line":268,"column":29}},"113":{"start":{"line":273,"column":0},"end":{"line":276,"column":2}},"114":{"start":{"line":275,"column":4},"end":{"line":275,"column":52}},"115":{"start":{"line":279,"column":0},"end":{"line":304,"column":36}},"116":{"start":{"line":307,"column":0},"end":{"line":387,"column":2}},"117":{"start":{"line":324,"column":4},"end":{"line":324,"column":20}},"118":{"start":{"line":326,"column":4},"end":{"line":330,"column":5}},"119":{"start":{"line":329,"column":8},"end":{"line":329,"column":20}},"120":{"start":{"line":334,"column":4},"end":{"line":334,"column":80}},"121":{"start":{"line":336,"column":4},"end":{"line":336,"column":87}},"122":{"start":{"line":337,"column":4},"end":{"line":337,"column":87}},"123":{"start":{"line":339,"column":4},"end":{"line":339,"column":111}},"124":{"start":{"line":340,"column":4},"end":{"line":340,"column":109}},"125":{"start":{"line":341,"column":4},"end":{"line":341,"column":170}},"126":{"start":{"line":342,"column":4},"end":{"line":342,"column":104}},"127":{"start":{"line":343,"column":4},"end":{"line":343,"column":144}},"128":{"start":{"line":344,"column":4},"end":{"line":344,"column":235}},"129":{"start":{"line":345,"column":4},"end":{"line":345,"column":204}},"130":{"start":{"line":349,"column":4},"end":{"line":364,"column":5}},"131":{"start":{"line":353,"column":8},"end":{"line":353,"column":64}},"132":{"start":{"line":354,"column":8},"end":{"line":357,"column":10}},"133":{"start":{"line":363,"column":8},"end":{"line":363,"column":48}},"134":{"start":{"line":368,"column":4},"end":{"line":381,"column":5}},"135":{"start":{"line":369,"column":8},"end":{"line":369,"column":49}},"136":{"start":{"line":370,"column":8},"end":{"line":370,"column":55}},"137":{"start":{"line":374,"column":8},"end":{"line":377,"column":9}},"138":{"start":{"line":375,"column":12},"end":{"line":375,"column":43}},"139":{"start":{"line":376,"column":12},"end":{"line":376,"column":53}},"140":{"start":{"line":379,"column":8},"end":{"line":379,"column":90}},"141":{"start":{"line":380,"column":8},"end":{"line":380,"column":120}},"142":{"start":{"line":383,"column":4},"end":{"line":383,"column":110}},"143":{"start":{"line":384,"column":4},"end":{"line":384,"column":125}},"144":{"start":{"line":386,"column":4},"end":{"line":386,"column":16}},"145":{"start":{"line":390,"column":0},"end":{"line":428,"column":2}},"146":{"start":{"line":392,"column":4},"end":{"line":392,"column":28}},"147":{"start":{"line":393,"column":4},"end":{"line":393,"column":29}},"148":{"start":{"line":394,"column":4},"end":{"line":394,"column":30}},"149":{"start":{"line":396,"column":4},"end":{"line":398,"column":5}},"150":{"start":{"line":397,"column":8},"end":{"line":397,"column":17}},"151":{"start":{"line":400,"column":4},"end":{"line":402,"column":5}},"152":{"start":{"line":401,"column":8},"end":{"line":401,"column":49}},"153":{"start":{"line":404,"column":4},"end":{"line":425,"column":5}},"154":{"start":{"line":405,"column":8},"end":{"line":407,"column":9}},"155":{"start":{"line":406,"column":12},"end":{"line":406,"column":21}},"156":{"start":{"line":409,"column":8},"end":{"line":409,"column":44}},"157":{"start":{"line":410,"column":8},"end":{"line":410,"column":49}},"158":{"start":{"line":411,"column":8},"end":{"line":411,"column":53}},"159":{"start":{"line":412,"column":8},"end":{"line":412,"column":32}},"160":{"start":{"line":413,"column":8},"end":{"line":413,"column":37}},"161":{"start":{"line":414,"column":8},"end":{"line":414,"column":42}},"162":{"start":{"line":416,"column":8},"end":{"line":418,"column":9}},"163":{"start":{"line":417,"column":12},"end":{"line":417,"column":46}},"164":{"start":{"line":420,"column":8},"end":{"line":422,"column":9}},"165":{"start":{"line":421,"column":12},"end":{"line":421,"column":21}},"166":{"start":{"line":424,"column":8},"end":{"line":424,"column":29}},"167":{"start":{"line":427,"column":4},"end":{"line":427,"column":13}},"168":{"start":{"line":431,"column":0},"end":{"line":438,"column":2}},"169":{"start":{"line":433,"column":4},"end":{"line":435,"column":5}},"170":{"start":{"line":434,"column":8},"end":{"line":434,"column":21}},"171":{"start":{"line":437,"column":4},"end":{"line":437,"column":44}}},"branchMap":{"1":{"line":35,"type":"if","locations":[{"start":{"line":35,"column":4},"end":{"line":35,"column":4}},{"start":{"line":35,"column":4},"end":{"line":35,"column":4}}]},"2":{"line":37,"type":"cond-expr","locations":[{"start":{"line":37,"column":86},"end":{"line":37,"column":114}},{"start":{"line":37,"column":117},"end":{"line":37,"column":119}}]},"3":{"line":56,"type":"cond-expr","locations":[{"start":{"line":56,"column":50},"end":{"line":56,"column":56}},{"start":{"line":56,"column":59},"end":{"l
[...]
column":16},"end":{"line":340,"column":29}},{"start":{"line":340,"column":33},"end":{"line":340,"column":66}}]},"49":{"line":341,"type":"binary-expr","locations":[{"start":{"line":341,"column":16},"end":{"line":341,"column":29}},{"start":{"line":341,"column":33},"end":{"line":341,"column":49}},{"start":{"line":341,"column":53},"end":{"line":341,"column":90}},{"start":{"line":341,"column":94},"end":{"line":341,"column":129}}]},"50":{"line":342,"type":"binary-expr","locations":[{"start":{"line":342,"column":16},"end":{"line":342,"column":32}},{"start":{"line":342,"column":36},"end":{"line":342,"column":46}}]},"51":{"line":343,"type":"binary-expr","locations":[{"start":{"line":343,"column":16},"end":{"line":343,"column":37}},{"start":{"line":343,"column":41},"end":{"line":343,"column":54}},{"start":{"line":343,"column":58},"end":{"line":343,"column":98}}]},"52":{"line":344,"type":"binary-expr","locations":[{"start":{"line":344,"column":16},"end":{"line":344,"column":37}},{"start":{"line":344,"column":41},"end":{"line":344,"column":54}},{"start":{"line":344,"column":58},"end":{"line":344,"column":95}},{"start":{"line":344,"column":99},"end":{"line":344,"column":159}}]},"53":{"line":345,"type":"binary-expr","locations":[{"start":{"line":345,"column":16},"end":{"line":345,"column":37}},{"start":{"line":345,"column":41},"end":{"line":345,"column":72}},{"start":{"line":345,"column":76},"end":{"line":345,"column":129}}]},"54":{"line":349,"type":"if","locations":[{"start":{"line":349,"column":4},"end":{"line":349,"column":4}},{"start":{"line":349,"column":4},"end":{"line":349,"column":4}}]},"55":{"line":363,"type":"binary-expr","locations":[{"start":{"line":363,"column":25},"end":{"line":363,"column":42}},{"start":{"line":363,"column":46},"end":{"line":363,"column":47}}]},"56":{"line":368,"type":"if","locations":[{"start":{"line":368,"column":4},"end":{"line":368,"column":4}},{"start":{"line":368,"column":4},"end":{"line":368,"column":4}}]},"57":{"line":374,"type":"if","locations":[{"start":{"line":374,"column":8},"end":{"line":374,"column":8}},{"start":{"line":374,"column":8},"end":{"line":374,"column":8}}]},"58":{"line":379,"type":"cond-expr","locations":[{"start":{"line":379,"column":63},"end":{"line":379,"column":82}},{"start":{"line":379,"column":85},"end":{"line":379,"column":89}}]},"59":{"line":380,"type":"cond-expr","locations":[{"start":{"line":380,"column":85},"end":{"line":380,"column":115}},{"start":{"line":380,"column":118},"end":{"line":380,"column":119}}]},"60":{"line":383,"type":"cond-expr","locations":[{"start":{"line":383,"column":75},"end":{"line":383,"column":102}},{"start":{"line":383,"column":105},"end":{"line":383,"column":109}}]},"61":{"line":384,"type":"cond-expr","locations":[{"start":{"line":384,"column":85},"end":{"line":384,"column":117}},{"start":{"line":384,"column":120},"end":{"line":384,"column":124}}]},"62":{"line":392,"type":"binary-expr","locations":[{"start":{"line":392,"column":10},"end":{"line":392,"column":13}},{"start":{"line":392,"column":17},"end":{"line":392,"column":27}}]},"63":{"line":393,"type":"binary-expr","locations":[{"start":{"line":393,"column":14},"end":{"line":393,"column":21}},{"start":{"line":393,"column":25},"end":{"line":393,"column":28}}]},"64":{"line":396,"type":"if","locations":[{"start":{"line":396,"column":4},"end":{"line":396,"column":4}},{"start":{"line":396,"column":4},"end":{"line":396,"column":4}}]},"65":{"line":400,"type":"if","locations":[{"start":{"line":400,"column":4},"end":{"line":400,"column":4}},{"start":{"line":400,"column":4},"end":{"line":400,"column":4}}]},"66":{"line":404,"type":"if","locations":[{"start":{"line":404,"column":4},"end":{"line":404,"column":4}},{"start":{"line":404,"column":4},"end":{"line":404,"column":4}}]},"67":{"line":405,"type":"if","locations":[{"start":{"line":405,"column":8},"end":{"line":405,"column":8}},{"start":{"line":405,"column":8},"end":{"line":405,"column":8}}]},"68":{"line":416,"type":"if","locations":[{"start":{"line":416,"column":8},"end":{"line":416,"column":8}},{"start":{"line":416,"column":8},"end":{"line":416,"column":8}}]},"69":{"line":420,"type":"if","locations":[{"start":{"line":420,"column":8},"end":{"line":420,"column":8}},{"start":{"line":420,"column":8},"end":{"line":420,"column":8}}]},"70":{"line":433,"type":"if","locations":[{"start":{"line":433,"column":4},"end":{"line":433,"column":4}},{"start":{"line":433,"column":4},"end":{"line":433,"column":4}}]}},"code":["'use strict';","","// Load modules","","const Boom = require('boom');","const Hoek = require('hoek');","const Joi = require('joi');","","","// Declare internals","","const internals = {","    day: 24 * 60 * 60 * 1000","};","","","exports = module.exports = internals.Policy = function (options, cache, segment) {","","    Hoek.assert(this instanceof internals.Policy, 'Cache Policy must be instantiated using new');","","    this._cache = cache;","    this._pendings = {};                                        // id -> [callbacks]","    this._pendingGenerateCall = {};                             // id -> boolean","    this.rules(options);","","    this.stats = {","        sets: 0,","        gets: 0,","        hits: 0,","        stales: 0,","        generates: 0,","        errors: 0","    };","","    if (cache) {","        const nameErr = cache.validateSegmentName(segment);","        Hoek.assert(nameErr === null, 'Invalid segment name: ' + segment + (nameErr ? ' (' + nameErr.message + ')' : ''));","","        this._segment = segment;","    }","};","","","internals.Policy.prototype.rules = function (options) {","","    this.rule = internals.Policy.compile(options, !!this._cache);","};","","","internals.Policy.prototype.get = function (key, callback) {     // key: string or { id: 'id' }","","    ++this.stats.gets;","","    // Check if request is already pending","","    const id = (key && typeof key === 'object') ? key.id : key;","    const pendingsId = '+' + id;                                  // Prefix to avoid conflicts with JS internals (e.g. __proto__)","    if (this._pendings[pendingsId]) {","        this._pendings[pendingsId].push(process.domain ? process.domain.bind(callback) : callback);     // Explicitly bind callback to its process.domain (_finalize might get called from a different active process.domain)","        return;","    }","","    this._pendings[pendingsId] = [callback];","","    // Lookup in cache","","    const timer = new Hoek.Timer();","    this._get(id, (err, cached) => {","","        if (err) {","            ++this.stats.errors;","        }","","        // Prepare report","","        const report = {","            msec: timer.elapsed(),","            error: err","        };","","        if (cached) {","            report.stored = cached.stored;","            report.ttl = cached.ttl;","            const staleIn = typeof this.rule.staleIn === 'function' ? this.rule.staleIn(cached.stored, cached.ttl) : this.rule.staleIn;","            cached.isStale = (staleIn ? (Date.now() - cached.stored) >= staleIn : false);","            report.isStale = cached.isStale;","","            if (cached.isStale) {","                ++this.stats.stales;","            }","        }","","        // No generate method","","        if (!this.rule.generateFunc ||","            (err && !this.rule.generateOnReadError)) {","","            return internals.respond(this, id, err, cached ? cached.item : null, cached, report);","        }","","        // Check if found and fresh","","        if (cached &&","            !cached.isStale) {","","            return internals.respond(this, id, null, cached.item, cached, report);","        }","","        return this._generate(id, key, cached, report);","    });","};","","","internals.Policy.prototype._generate = function (id, key, cached, report) {","","    const respond = Hoek.once(internals.respond);","","    if (cached) {                                       // Must be stale","","        // Set stale timeout","","        cached.ttl = cached.ttl - this.rule.staleTimeout;       // Adjust TTL for when the timeout is invoked (staleTimeout must be valid if isStale is true)","        if (cached.ttl > 0) {","            setTimeout(() => {","","                return respond(this, id, null, cached.item, cached, report);","            }, this.rule.staleTimeout);","        }","    }","    else if (this.rule.generateTimeout) {","","        // Set item generation timeout (when not in cache)","","        setTimeout(() => {","","            return respond(this, id, Boom.serverUnavailable(), null, null, report);","        }, this.rule.generateTimeout);","    }","","    // Generate new value","","    const pendingId = ('+' + id);","    if (!this._pendingGenerateCall[pendingId]) {                // Check if a generate call is already in progress","        ++this.stats.generates;                                 // Record generation before call in case it times out","","        if (this.rule.pendingGenerateTimeout) {","            this._pendingGenerateCall[pendingId] = true;","            setTimeout(() => {","","                delete this._pendingGenerateCall[pendingId];","            }, this.rule.pendingGenerateTimeout);","        }","","        try {","            this._callGenerateFunc(id, key, cached, report, respond);","        }","        catch (err) {","            delete this._pendingGenerateCall[pendingId];","            return respond(this, id, err, null, null, report);","        }","    }","};","","","internals.Policy.prototype._callGenerateFunc = function (id, key, cached, report, respond) {","","    this.rule.generateFunc.call(null, key, (generateError, value, ttl) => {","","        delete this._pendingGenerateCall['+' + id];","","        const finalize = (err) => {","","            const error = generateError || (this.rule.generateIgnoreWriteError ? null : err);","            if (cached &&","                error &&","                !this.rule.dropOnError) {","","                return respond(this, id, error, cached.item, cached, report);","            }","","            return respond(this, id, error, value, null, report);       // Ignored if stale value already returned","        };","","        // Error (if dropOnError is not set to false) or not cached","","        if ((generateError && this.rule.dropOnError) || ttl === 0) {                                    // null or undefined means use policy","            return this.drop(id, finalize);                 // Invalidate cache","        }","","        if (!generateError) {","            return this.set(id, value, ttl, finalize);      // Lazy save (replaces stale cache copy with late-coming fresh copy)","        }","","        return finalize();","    });","};","","","internals.Policy.prototype._get = function (id, callback) {","","    if (!this._cache) {","        return Hoek.nextTick(callback)(null, null);","    }","","    this._cache.get({ segment: this._segment, id }, callback);","};","","","internals.respond = function (policy, id, err, value, cached, report) {","","    id = '+' + id;","    const pendings = policy._pendings[id];","    delete policy._pendings[id];","","    const length = pendings.length;","    for (let i = 0; i < length; ++i) {","        Hoek.nextTick(pendings[i])(err, value, cached, report);","    }","","    if (report.isStale !== undefined) {","        policy.stats.hits = policy.stats.hits + length;","    }","};","","","internals.Policy.prototype.set = function (key, value, ttl, callback) {","","    callback = callback || Hoek.ignore;","","    ++this.stats.sets;","","    if (!this._cache) {","        return callback(null);","    }","","    ttl = ttl || internals.Policy.ttl(this.rule);","    const id = (key && typeof key === 'object') ? key.id : key;","    this._cache.set({ segment: this._segment, id }, value, ttl, (err) => {","","        if (err) {","            ++this.stats.errors;","        }","","        return callback(err);","    });","};","","","internals.Policy.prototype.drop = function (key, callback) {","","    callback = callback || Hoek.ignore;","","    if (!this._cache) {","        return callback(null);","    }","","    const id = (key && typeof key === 'object') ? key.id : key;","    if (!id) {","        return callback(new Error('Invalid key'));","    }","","    this._cache.drop({ segment: this._segment, id }, (err) => {","","        if (err) {","            ++this.stats.errors;","        }","","        return callback(err);","    });","};","","","internals.Policy.prototype.ttl = function (created) {","","    return internals.Policy.ttl(this.rule, created);","};","","","internals.schema = Joi.object({","    expiresIn: Joi.number().integer().min(1),","    expiresAt: Joi.string().regex(/^\\d\\d?\\:\\d\\d$/),","    staleIn: [Joi.number().integer().min(1).max(86400000 - 1), Joi.func()],               // One day - 1 (max is inclusive)","    staleTimeout: Joi.number().integer().min(1),","    generateFunc: Joi.func(),","    generateTimeout: Joi.number().integer().min(1).allow(false),","    generateOnReadError: Joi.boolean(),","    generateIgnoreWriteError: Joi.boolean(),","    dropOnError: Joi.boolean(),","    pendingGenerateTimeout: Joi.number().integer().min(1),","","    // Ignored external keys (hapi)","","    privacy: Joi.any(),","    cache: Joi.any(),","    segment: Joi.any(),","    shared: Joi.any()","})","    .without('expiresIn', 'expiresAt')","    .with('staleIn', 'generateFunc')","    .with('generateOnReadError', 'generateFunc')","    .with('generateIgnoreWriteError', 'generateFunc')","    .with('dropOnError', 'generateFunc')","    .and('generateFunc', 'generateTimeout')","    .and('staleIn', 'staleTimeout');","","","internals.Policy.compile = function (options, serverSide) {","","    /*","        {","            expiresIn: 30000,","            expiresAt: '13:00',","","            generateFunc: function (id, next) { next(err, result, ttl); }","            generateTimeout: 500,","            generateOnReadError: true,","            generateIgnoreWriteError: true,","            staleIn: 20000,","            staleTimeout: 500,","            dropOnError: true","        }","     */","","    const rule = {};","","    if (!options ||","        !Object.keys(options).length) {","","        return rule;","    }","","    // Validate rule","","    Joi.assert(options, internals.schema, 'Invalid cache policy configuration');","","    const hasExpiresIn = options.expiresIn !== undefined && options.expiresIn !== null;","    const hasExpiresAt = options.expiresAt !== undefined && options.expiresAt !== null;","","    Hoek.assert(!hasExpiresAt || typeof options.expiresAt === 'string', 'expiresAt must be a string', options);","    Hoek.assert(!hasExpiresIn || Hoek.isInteger(options.expiresIn), 'expiresIn must be an integer', options);","    Hoek.assert(!hasExpiresIn || !options.staleIn || typeof options.staleIn === 'function' || options.staleIn < options.expiresIn, 'staleIn must be less than expiresIn');","    Hoek.assert(!options.staleIn || serverSide, 'Cannot use stale options without server-side caching');","    Hoek.assert(!options.staleTimeout || !hasExpiresIn || options.staleTimeout < options.expiresIn, 'staleTimeout must be less than expiresIn');","    Hoek.assert(!options.staleTimeout || !hasExpiresIn || typeof options.staleIn === 'function' || options.staleTimeout < (options.expiresIn - options.staleIn), 'staleTimeout must be less than the delta between expiresIn and staleIn');","    Hoek.assert(!options.staleTimeout || !options.pendingGenerateTimeout || options.staleTimeout < options.pendingGenerateTimeout, 'pendingGenerateTimeout must be greater than staleTimeout if specified');","","    // Expiration","","    if (hasExpiresAt) {","","        // expiresAt","","        const time = /^(\\d\\d?):(\\d\\d)$/.exec(options.expiresAt);","        rule.expiresAt = {","            hours: parseInt(time[1], 10),","            minutes: parseInt(time[2], 10)","        };","    }","    else {","","        // expiresIn","","        rule.expiresIn = options.expiresIn || 0;","    }","","    // generateTimeout","","    if (options.generateFunc) {","        rule.generateFunc = options.generateFunc;","        rule.generateTimeout = options.generateTimeout;","","        // Stale","","        if (options.staleIn) {","            rule.staleIn = options.staleIn;","            rule.staleTimeout = options.staleTimeout;","        }","","        rule.dropOnError = options.dropOnError !== undefined ? options.dropOnError : true;                                          // Defaults to true","        rule.pendingGenerateTimeout = options.pendingGenerateTimeout !== undefined ? options.pendingGenerateTimeout : 0;            // Defaults to zero","    }","","    rule.generateOnReadError = options.generateOnReadError !== undefined ? options.generateOnReadError : true;                      // Defaults to true","    rule.generateIgnoreWriteError = options.generateIgnoreWriteError !== undefined ? options.generateIgnoreWriteError : true;       // Defaults to true","","    return rule;","};","","","internals.Policy.ttl = function (rule, created, now) {","","    now = now || Date.now();","    created = created || now;","    const age = now - created;","","    if (age < 0) {","        return 0;                                                                   // Created in the future, assume expired/bad","    }","","    if (rule.expiresIn) {","        return Math.max(rule.expiresIn - age, 0);","    }","","    if (rule.expiresAt) {","        if (age > internals.day) {                                                  // If the item was created more than a 24 hours ago","            return 0;","        }","","        const expiresAt = new Date(created);                                        // Compare expiration time on the same day","        expiresAt.setHours(rule.expiresAt.hours);","        expiresAt.setMinutes(rule.expiresAt.minutes);","        expiresAt.setSeconds(0);","        expiresAt.setMilliseconds(0);","        let expires = expiresAt.getTime();","","        if (expires <= created) {","            expires = expires + internals.day;                                     // Move to tomorrow","        }","","        if (now >= expires) {                                                      // Expired","            return 0;","        }","","        return expires - now;","    }","","    return 0;                                                                       // No rule","};","","","internals.Policy.prototype.isReady = function () {","","    if (!this._cache) {","        return false;","    }","","    return this._cache.connection.isReady();","};",""],"l":{"5":1,"6":1,"7":1,"12":1,"17":1,"19":0,"21":0,"22":0,"23":0,"24":0,"26":0,"35":0,"36":0,"37":0,"39":0,"44":1,"46":0,"50":1,"52":0,"56":0,"57":0,"58":0,"59":0,"60":0,"63":0,"67":0,"68":0,"70":0,"71":0,"76":0,"81":0,"82":0,"83":0,"84":0,"85":0,"86":0,"88":0,"89":0,"95":0,"98":0,"103":0,"106":0,"109":0,"114":1,"116":0,"118":0,"122":0,"123":0,"124":0,"126":0,"130":0,"134":0,"136":0,"142":0,"143":0,"144":0,"146":0,"147":0,"148":0,"150":0,"154":0,"155":0,"158":0,"159":0,"165":1,"167":0,"169":0,"171":0,"173":0,"174":0,"178":0,"181":0,"186":0,"187":0,"190":0,"191":0,"194":0,"199":1,"201":0,"202":0,"205":0,"209":1,"211":0,"212":0,"213":0,"215":0,"216":0,"217":0,"220":0,"221":0,"226":1,"228":0,"230":0,"232":0,"233":0,"236":0,"237":0,"238":0,"240":0,"241":0,"244":0,"249":1,"251":0,"253":0,"254":0,"257":0,"258":0,"259":0,"262":0,"264":0,"265":0,"268":0,"273":1,"275":0,"279":1,"307":1,"324":0,"326":0,"329":0,"334":0,"336":0,"337":0,"339":0,"340":0,"341":0,"342":0,"343":0,"344":0,"345":0,"349":0,"353":0,"354":0,"363":0,"368":0,"369":0,"370":0,"374":0,"375":0,"376":0,"379":0,"380":0,"383":0,"384":0,"386":0,"390":1,"392":0,"393":0,"394":0,"396":0,"397":0,"400":0,"401":0,"404":0,"405":0,"406":0,"409":0,"410":0,"411":0,"412":0,"413":0,"414":0,"416":0,"417":0,"420":0,"421":0,"424":0,"427":0,"431":1,"433":0,"434":0,"437":0}}}